#
# A fatal error has been detected by the Java Runtime Environment:
#
#  SIGSEGV (0xb) at pc=0x00007fbbbc0b8c43, pid=26443, tid=0x00007fbb8607b700
#
# JRE version: Java(TM) SE Runtime Environment (8.0_101-b13) (build 1.8.0_101-b13)
# Java VM: Java HotSpot(TM) 64-Bit Server VM (25.101-b13 mixed mode linux-amd64 compressed oops)
# Problematic frame:
# V  [libjvm.so+0x78bc43]  JvmtiEnv::GetClassMethods(oopDesc*, int*, _jmethodID***)+0x2f3
#
# Failed to write core dump. Core dumps have been disabled. To enable core dumping, try "ulimit -c unlimited" before starting Java again
#
# If you would like to submit a bug report, please visit:
#   http://bugreport.java.com/bugreport/crash.jsp
#

---------------  T H R E A D  ---------------

Current thread (0x00007fbbb40d3800):  JavaThread "JDWP Transport Listener: dt_socket" daemon [_thread_in_vm, id=26463, stack(0x00007fbb85f7b000,0x00007fbb8607c000)]

siginfo: si_signo: 11 (SIGSEGV), si_code: 1 (SEGV_MAPERR), si_addr: 0x00007fb94c496b50

Registers:
RAX=0xffffffffbc88eef0, RBX=0x00007fbbb40d4580, RCX=0x00007fbbb400ca30, RDX=0x00007fbb6801f3d0
RSP=0x00007fbb8607a620, RBP=0x00007fbb8607a710, RSI=0x0000000000000001, RDI=0x0000000000000001
R8 =0x00007fbbb40d4580, R9 =0x0000000000000000, R10=0x0000000000000001, R11=0x00007fbb68005750
R12=0x00007fbbb4008310, R13=0x00007fbb263330c0, R14=0x00000001002b5498, R15=0x00007fbb8607a7e0
RIP=0x00007fbbbc0b8c43, EFLAGS=0x0000000000010246, CSGSFS=0x0000000000000033, ERR=0x0000000000000006
  TRAPNO=0x000000000000000e

Top of Stack: (sp=0x00007fbb8607a620)
0x00007fbb8607a620:   00007fbbb40c5fa0 00007fbb8607a6d0
0x00007fbb8607a630:   00007fbb68000cc8 00007fbb8607a680
0x00007fbb8607a640:   00007fbb8607a7d0 0000000cbc01415a
0x00007fbb8607a650:   00007fbb6801f3d0 bc88eef00000000b
0x00007fbb8607a660:   00007fbbb40d3800 00007fbbb40c5fa0
0x00007fbb8607a670:   00007fbbb40d39f8 00007fbbbafe0e40
0x00007fbb8607a680:   00007fbbb40d3800 00007fbbb40d4450
0x00007fbb8607a690:   00007fbbb40d4490 00007fbbb40d44a0
0x00007fbb8607a6a0:   00007fbbb40d4578 00000000000000d8
0x00007fbb8607a6b0:   00007fbb8607aad0 00007fbbbbffa2cc
0x00007fbb8607a6c0:   00007fbb68000cc8 00007fbbbafe0e40
0x00007fbb8607a6d0:   00007fbb263330c0 00007fbbb40d3800
0x00007fbb8607a6e0:   00007fbb8607a730 00000000e09d6e88
0x00007fbb8607a6f0:   00007fbbb4008310 0000000000000074
0x00007fbb8607a700:   00007fbbb40d3800 00007fbb8607a7d0
0x00007fbb8607a710:   00007fbb8607a780 00007fbbbc06aea0
0x00007fbb8607a720:   00007fbb8607a730 00007fbb8607a7e0
0x00007fbb8607a730:   00007fbbb40d3800 0000000000000000
0x00007fbb8607a740:   00007fbb00000000 0000000000000000
0x00007fbb8607a750:   00000000000f0200 00007fbbbafe0e40
0x00007fbb8607a760:   00007fbb8607a850 00007fbb68000cc8
0x00007fbb8607a770:   00000000000f0200 000000000000000f
0x00007fbb8607a780:   00007fbb8607a810 00007fbbbadad96e
0x00007fbb8607a790:   0000000000000073 00007fbbbc0ae909
0x00007fbb8607a7a0:   00007fbb8607a7e0 00007fbbbc06cc13
0x00007fbb8607a7b0:   00000001680098f0 00007fbb6800ae20
0x00007fbb8607a7c0:   00007fbb8607a7f0 00007fbbbadb3ba0
0x00007fbb8607a7d0:   0000000000000000 00007fbb8607a850
0x00007fbb8607a7e0:   0000000000000000 0000000000000002
0x00007fbb8607a7f0:   000000000000000f 0000000000000002
0x00007fbb8607a800:   00000000000f0200 000000000000000f
0x00007fbb8607a810:   00007fbb8607aa60 00007fbbbadb89c6 

Instructions: (pc=0x00007fbbbc0b8c43)
0x00007fbbbc0b8c23:   41 8b 00 48 83 c6 08 39 c7 7c e2 44 8d 48 ff 45
0x00007fbbbc0b8c33:   89 08 48 63 85 4c ff ff ff 48 8b 95 40 ff ff ff
0x00007fbbbc0b8c43:   4c 89 1c c2 83 85 48 ff ff ff 01 8b 85 3c ff ff
0x00007fbbbc0b8c53:   ff 39 85 48 ff ff ff 0f 8c e1 fd ff ff 8b 85 3c 

Register to memory mapping:

RAX=0xffffffffbc88eef0 is an unknown value
RBX=0x00007fbbb40d4580 is an unknown value
RCX=0x00007fbbb400ca30 is an unknown value
RDX=0x00007fbb6801f3d0 is an unknown value
RSP=0x00007fbb8607a620 is pointing into the stack for thread: 0x00007fbbb40d3800
RBP=0x00007fbb8607a710 is pointing into the stack for thread: 0x00007fbbb40d3800
RSI=0x0000000000000001 is an unknown value
RDI=0x0000000000000001 is an unknown value
R8 =0x00007fbbb40d4580 is an unknown value
R9 =0x0000000000000000 is an unknown value
R10=0x0000000000000001 is an unknown value
R11=0x00007fbb68005750 is an unknown value
R12=0x00007fbbb4008310 is an unknown value
R13={method} {0x00007fbb263330c0} '<init>' '()V' in 'com/tjnetsec/wmo/activiti/service/VacationService'
R14=0x00000001002b5498 is pointing into metadata
R15=0x00007fbb8607a7e0 is pointing into the stack for thread: 0x00007fbbb40d3800


Stack: [0x00007fbb85f7b000,0x00007fbb8607c000],  sp=0x00007fbb8607a620,  free space=1021k
Native frames: (J=compiled Java code, j=interpreted, Vv=VM code, C=native code)
V  [libjvm.so+0x78bc43]  JvmtiEnv::GetClassMethods(oopDesc*, int*, _jmethodID***)+0x2f3
V  [libjvm.so+0x73dea0]  jvmti_GetClassMethods+0x290
C  [libjdwp.so+0x696e]  methods1+0x7e
C  [libjdwp.so+0x119c6]  debugLoop_run+0x2b6
C  [libjdwp.so+0x247ff]  attachThread+0x2f
V  [libjvm.so+0x7a63e2]  JvmtiAgentThread::call_start_function()+0xc2
V  [libjvm.so+0xa7343f]  JavaThread::thread_main_inner()+0xdf
V  [libjvm.so+0xa7356c]  JavaThread::run()+0x11c
V  [libjvm.so+0x924698]  java_start(Thread*)+0x108
C  [libpthread.so.0+0x76ba]  start_thread+0xca


---------------  P R O C E S S  ---------------

Java Threads: ( => current thread )
  0x00007fbbb4011000 JavaThread "DestroyJavaVM" [_thread_blocked, id=26448, stack(0x00007fbbbd413000,0x00007fbbbd514000)]
  0x00007fbbb5294000 JavaThread "http-nio-8082-AsyncTimeout" daemon [_thread_blocked, id=26542, stack(0x00007fbb264f1000,0x00007fbb265f2000)]
  0x00007fbbb5292800 JavaThread "http-nio-8082-Acceptor-0" daemon [_thread_in_native, id=26541, stack(0x00007fbb265f2000,0x00007fbb266f3000)]
  0x00007fbbb5290000 JavaThread "http-nio-8082-ClientPoller-1" daemon [_thread_in_native, id=26540, stack(0x00007fbb266f3000,0x00007fbb267f4000)]
  0x00007fbbb5276000 JavaThread "http-nio-8082-ClientPoller-0" daemon [_thread_in_native, id=26539, stack(0x00007fbb267f4000,0x00007fbb268f5000)]
  0x00007fbbb5259800 JavaThread "http-nio-8082-exec-10" daemon [_thread_blocked, id=26538, stack(0x00007fbb268f5000,0x00007fbb269f6000)]
  0x00007fbbb5257800 JavaThread "http-nio-8082-exec-9" daemon [_thread_blocked, id=26537, stack(0x00007fbb269f6000,0x00007fbb26af7000)]
  0x00007fbbb5255800 JavaThread "http-nio-8082-exec-8" daemon [_thread_blocked, id=26536, stack(0x00007fbb26af7000,0x00007fbb26bf8000)]
  0x00007fbbb5253800 JavaThread "http-nio-8082-exec-7" daemon [_thread_blocked, id=26535, stack(0x00007fbb26bf8000,0x00007fbb26cf9000)]
  0x00007fbbb5251800 JavaThread "http-nio-8082-exec-6" daemon [_thread_blocked, id=26534, stack(0x00007fbb26cf9000,0x00007fbb26dfa000)]
  0x00007fbbb5250000 JavaThread "http-nio-8082-exec-5" daemon [_thread_blocked, id=26533, stack(0x00007fbb26dfa000,0x00007fbb26efb000)]
  0x00007fbbb524e000 JavaThread "http-nio-8082-exec-4" daemon [_thread_blocked, id=26532, stack(0x00007fbb26efb000,0x00007fbb26ffc000)]
  0x00007fbbb524c000 JavaThread "http-nio-8082-exec-3" daemon [_thread_blocked, id=26531, stack(0x00007fbb26ffc000,0x00007fbb270fd000)]
  0x00007fbbb524a800 JavaThread "http-nio-8082-exec-2" daemon [_thread_blocked, id=26530, stack(0x00007fbb270fd000,0x00007fbb271fe000)]
  0x00007fbbb5249800 JavaThread "http-nio-8082-exec-1" daemon [_thread_blocked, id=26529, stack(0x00007fbb271fe000,0x00007fbb272ff000)]
  0x00007fbbb5243000 JavaThread "NioBlockingSelector.BlockPoller-1" daemon [_thread_in_native, id=26528, stack(0x00007fbb27eff000,0x00007fbb28000000)]
  0x00007fbbb4d57000 JavaThread "container-0" [_thread_blocked, id=26513, stack(0x00007fbb4c066000,0x00007fbb4c167000)]
  0x00007fbbb4d53800 JavaThread "ContainerBackgroundProcessor[StandardEngine[Tomcat]]" daemon [_thread_blocked, id=26512, stack(0x00007fbb4c167000,0x00007fbb4c268000)]
  0x00007fbbb4625000 JavaThread "RMI TCP Accept-0" daemon [_thread_in_native, id=26501, stack(0x00007fbb84a5d000,0x00007fbb84b5e000)]
  0x00007fbbb461b800 JavaThread "RMI TCP Accept-46303" daemon [_thread_in_native, id=26500, stack(0x00007fbb84b5e000,0x00007fbb84c5f000)]
  0x00007fbbb4606000 JavaThread "RMI TCP Accept-0" daemon [_thread_in_native, id=26499, stack(0x00007fbb84c5f000,0x00007fbb84d60000)]
  0x00007fbbb45ee000 JavaThread "SeedGenerator Thread" daemon [_thread_blocked, id=26476, stack(0x00007fbb84e61000,0x00007fbb84f62000)]
  0x00007fbbb40eb800 JavaThread "Service Thread" daemon [_thread_blocked, id=26475, stack(0x00007fbb85874000,0x00007fbb85975000)]
  0x00007fbbb40e0000 JavaThread "C1 CompilerThread3" daemon [_thread_blocked, id=26474, stack(0x00007fbb85975000,0x00007fbb85a76000)]
  0x00007fbbb40de000 JavaThread "C2 CompilerThread2" daemon [_thread_blocked, id=26473, stack(0x00007fbb85a76000,0x00007fbb85b77000)]
  0x00007fbbb40dc000 JavaThread "C2 CompilerThread1" daemon [_thread_blocked, id=26472, stack(0x00007fbb85b77000,0x00007fbb85c78000)]
  0x00007fbbb40d9800 JavaThread "C2 CompilerThread0" daemon [_thread_blocked, id=26471, stack(0x00007fbb85c78000,0x00007fbb85d79000)]
  0x00007fbb68001000 JavaThread "JDWP Command Reader" daemon [_thread_in_native, id=26467, stack(0x00007fbb85d79000,0x00007fbb85e7a000)]
  0x00007fbbb40d7000 JavaThread "JDWP Event Helper Thread" daemon [_thread_blocked, id=26465, stack(0x00007fbb85e7a000,0x00007fbb85f7b000)]
=>0x00007fbbb40d3800 JavaThread "JDWP Transport Listener: dt_socket" daemon [_thread_in_vm, id=26463, stack(0x00007fbb85f7b000,0x00007fbb8607c000)]
  0x00007fbbb40c5000 JavaThread "Signal Dispatcher" daemon [_thread_blocked, id=26461, stack(0x00007fbb86280000,0x00007fbb86381000)]
  0x00007fbbb4093000 JavaThread "Finalizer" daemon [_thread_blocked, id=26460, stack(0x00007fbb86381000,0x00007fbb86482000)]
  0x00007fbbb408e800 JavaThread "Reference Handler" daemon [_thread_blocked, id=26459, stack(0x00007fbb86482000,0x00007fbb86583000)]

Other Threads:
  0x00007fbbb4087000 VMThread [stack: 0x00007fbb86583000,0x00007fbb86684000] [id=26458]
  0x00007fbbb4630000 WatcherThread [stack: 0x00007fbb8495c000,0x00007fbb84a5d000] [id=26502]

VM state:not at safepoint (normal execution)

VM Mutex/Monitor currently owned by a thread: None

Heap:
 PSYoungGen      total 149504K, used 28504K [0x00000000f5580000, 0x0000000100000000, 0x0000000100000000)
  eden space 129536K, 9% used [0x00000000f5580000,0x00000000f61ef6b0,0x00000000fd400000)
  from space 19968K, 78% used [0x00000000fec80000,0x00000000ffbe6a50,0x0000000100000000)
  to   space 22528K, 0% used [0x00000000fd400000,0x00000000fd400000,0x00000000fea00000)
 ParOldGen       total 115712K, used 32561K [0x00000000e0000000, 0x00000000e7100000, 0x00000000f5580000)
  object space 115712K, 28% used [0x00000000e0000000,0x00000000e1fcc680,0x00000000e7100000)
 Metaspace       used 48005K, capacity 48487K, committed 48808K, reserved 1091584K
  class space    used 6153K, capacity 6276K, committed 6312K, reserved 1048576K

Card table byte_map: [0x00007fbbb96ea000,0x00007fbbb97eb000] byte_map_base: 0x00007fbbb8fea000

Marking Bits: (ParMarkBitMap*) 0x00007fbbbc8ee120
 Begin Bits: [0x00007fbba4000000, 0x00007fbba4800000)
 End Bits:   [0x00007fbba4800000, 0x00007fbba5000000)

Polling page: 0x00007fbbbd540000

CodeCache: size=245760Kb used=10314Kb max_used=10418Kb free=235445Kb
 bounds [0x00007fbba5000000, 0x00007fbba5a40000, 0x00007fbbb4000000]
 total_blobs=5204 nmethods=4484 adapters=641
 compilation: enabled

Compilation events (10 events):
Event: 7596.765 Thread 0x00007fbbb40e0000 4565       1       java.util.concurrent.ConcurrentHashMap$CollectionView::size (8 bytes)
Event: 7596.765 Thread 0x00007fbbb40e0000 nmethod 4565 0x00007fbba52dd150 code [0x00007fbba52dd2c0, 0x00007fbba52dd448]
Event: 7656.765 Thread 0x00007fbbb40e0000 4566       1       org.apache.catalina.webresources.StandardRoot::gc (70 bytes)
Event: 7656.765 Thread 0x00007fbbb40e0000 nmethod 4566 0x00007fbba52dca90 code [0x00007fbba52dcc60, 0x00007fbba52dcf68]
Event: 7656.765 Thread 0x00007fbbb40e0000 4567       1       org.apache.catalina.webresources.AbstractFileResourceSet::gc (1 bytes)
Event: 7656.765 Thread 0x00007fbbb40e0000 nmethod 4567 0x00007fbba52dc7d0 code [0x00007fbba52dc920, 0x00007fbba52dca30]
Event: 7686.765 Thread 0x00007fbbb40e0000 4568   !   1       org.apache.catalina.core.StandardContext::backgroundProcess (207 bytes)
Event: 7686.768 Thread 0x00007fbbb40e0000 nmethod 4568 0x00007fbba5500890 code [0x00007fbba5500b40, 0x00007fbba5501688]
Event: 7686.768 Thread 0x00007fbbb40e0000 4569   !   1       org.apache.catalina.loader.WebappLoader::backgroundProcess (126 bytes)
Event: 7686.770 Thread 0x00007fbbb40e0000 nmethod 4569 0x00007fbba54ff210 code [0x00007fbba54ff480, 0x00007fbba54ffe38]

GC Heap History (10 events):
Event: 7.034 GC heap before
{Heap before GC invocations=8 (full 2):
 PSYoungGen      total 151552K, used 16890K [0x00000000f5580000, 0x0000000100000000, 0x0000000100000000)
  eden space 134656K, 0% used [0x00000000f5580000,0x00000000f5580000,0x00000000fd900000)
  from space 16896K, 99% used [0x00000000fef80000,0x00000000ffffeb50,0x0000000100000000)
  to   space 19968K, 0% used [0x00000000fd900000,0x00000000fd900000,0x00000000fec80000)
 ParOldGen       total 75776K, used 11026K [0x00000000e0000000, 0x00000000e4a00000, 0x00000000f5580000)
  object space 75776K, 14% used [0x00000000e0000000,0x00000000e0ac48d8,0x00000000e4a00000)
 Metaspace       used 35083K, capacity 35395K, committed 35496K, reserved 1079296K
  class space    used 4634K, capacity 4744K, committed 4776K, reserved 1048576K
Event: 7.073 GC heap after
Heap after GC invocations=8 (full 2):
 PSYoungGen      total 151552K, used 0K [0x00000000f5580000, 0x0000000100000000, 0x0000000100000000)
  eden space 134656K, 0% used [0x00000000f5580000,0x00000000f5580000,0x00000000fd900000)
  from space 16896K, 0% used [0x00000000fef80000,0x00000000fef80000,0x0000000100000000)
  to   space 19968K, 0% used [0x00000000fd900000,0x00000000fd900000,0x00000000fec80000)
 ParOldGen       total 115712K, used 22661K [0x00000000e0000000, 0x00000000e7100000, 0x00000000f5580000)
  object space 115712K, 19% used [0x00000000e0000000,0x00000000e16217c8,0x00000000e7100000)
 Metaspace       used 35083K, capacity 35395K, committed 35496K, reserved 1079296K
  class space    used 4634K, capacity 4744K, committed 4776K, reserved 1048576K
}
Event: 7.302 GC heap before
{Heap before GC invocations=9 (full 2):
 PSYoungGen      total 151552K, used 134656K [0x00000000f5580000, 0x0000000100000000, 0x0000000100000000)
  eden space 134656K, 100% used [0x00000000f5580000,0x00000000fd900000,0x00000000fd900000)
  from space 16896K, 0% used [0x00000000fef80000,0x00000000fef80000,0x0000000100000000)
  to   space 19968K, 0% used [0x00000000fd900000,0x00000000fd900000,0x00000000fec80000)
 ParOldGen       total 115712K, used 22661K [0x00000000e0000000, 0x00000000e7100000, 0x00000000f5580000)
  object space 115712K, 19% used [0x00000000e0000000,0x00000000e16217c8,0x00000000e7100000)
 Metaspace       used 36005K, capacity 36385K, committed 36648K, reserved 1081344K
  class space    used 4721K, capacity 4813K, committed 4904K, reserved 1048576K
Event: 7.305 GC heap after
Heap after GC invocations=9 (full 2):
 PSYoungGen      total 154624K, used 7037K [0x00000000f5580000, 0x0000000100000000, 0x0000000100000000)
  eden space 134656K, 0% used [0x00000000f5580000,0x00000000f5580000,0x00000000fd900000)
  from space 19968K, 35% used [0x00000000fd900000,0x00000000fdfdf4e8,0x00000000fec80000)
  to   space 19456K, 0% used [0x00000000fed00000,0x00000000fed00000,0x0000000100000000)
 ParOldGen       total 115712K, used 22669K [0x00000000e0000000, 0x00000000e7100000, 0x00000000f5580000)
  object space 115712K, 19% used [0x00000000e0000000,0x00000000e16237c8,0x00000000e7100000)
 Metaspace       used 36005K, capacity 36385K, committed 36648K, reserved 1081344K
  class space    used 4721K, capacity 4813K, committed 4904K, reserved 1048576K
}
Event: 7.595 GC heap before
{Heap before GC invocations=10 (full 2):
 PSYoungGen      total 154624K, used 141693K [0x00000000f5580000, 0x0000000100000000, 0x0000000100000000)
  eden space 134656K, 100% used [0x00000000f5580000,0x00000000fd900000,0x00000000fd900000)
  from space 19968K, 35% used [0x00000000fd900000,0x00000000fdfdf4e8,0x00000000fec80000)
  to   space 19456K, 0% used [0x00000000fed00000,0x00000000fed00000,0x0000000100000000)
 ParOldGen       total 115712K, used 22669K [0x00000000e0000000, 0x00000000e7100000, 0x00000000f5580000)
  object space 115712K, 19% used [0x00000000e0000000,0x00000000e16237c8,0x00000000e7100000)
 Metaspace       used 38912K, capacity 39335K, committed 39720K, reserved 1083392K
  class space    used 5018K, capacity 5134K, committed 5160K, reserved 1048576K
Event: 7.600 GC heap after
Heap after GC invocations=10 (full 2):
 PSYoungGen      total 154112K, used 12267K [0x00000000f5580000, 0x00000000fff80000, 0x0000000100000000)
  eden space 135168K, 0% used [0x00000000f5580000,0x00000000f5580000,0x00000000fd980000)
  from space 18944K, 64% used [0x00000000fed00000,0x00000000ff8faf20,0x00000000fff80000)
  to   space 19456K, 0% used [0x00000000fd980000,0x00000000fd980000,0x00000000fec80000)
 ParOldGen       total 115712K, used 22677K [0x00000000e0000000, 0x00000000e7100000, 0x00000000f5580000)
  object space 115712K, 19% used [0x00000000e0000000,0x00000000e16257c8,0x00000000e7100000)
 Metaspace       used 38912K, capacity 39335K, committed 39720K, reserved 1083392K
  class space    used 5018K, capacity 5134K, committed 5160K, reserved 1048576K
}
Event: 8.161 GC heap before
{Heap before GC invocations=11 (full 2):
 PSYoungGen      total 154112K, used 147435K [0x00000000f5580000, 0x00000000fff80000, 0x0000000100000000)
  eden space 135168K, 100% used [0x00000000f5580000,0x00000000fd980000,0x00000000fd980000)
  from space 18944K, 64% used [0x00000000fed00000,0x00000000ff8faf20,0x00000000fff80000)
  to   space 19456K, 0% used [0x00000000fd980000,0x00000000fd980000,0x00000000fec80000)
 ParOldGen       total 115712K, used 22677K [0x00000000e0000000, 0x00000000e7100000, 0x00000000f5580000)
  object space 115712K, 19% used [0x00000000e0000000,0x00000000e16257c8,0x00000000e7100000)
 Metaspace       used 42597K, capacity 43009K, committed 43432K, reserved 1087488K
  class space    used 5427K, capacity 5543K, committed 5544K, reserved 1048576K
Event: 8.170 GC heap after
Heap after GC invocations=11 (full 2):
 PSYoungGen      total 154624K, used 19433K [0x00000000f5580000, 0x0000000100000000, 0x0000000100000000)
  eden space 135168K, 0% used [0x00000000f5580000,0x00000000f5580000,0x00000000fd980000)
  from space 19456K, 99% used [0x00000000fd980000,0x00000000fec7a718,0x00000000fec80000)
  to   space 19968K, 0% used [0x00000000fec80000,0x00000000fec80000,0x0000000100000000)
 ParOldGen       total 115712K, used 22739K [0x00000000e0000000, 0x00000000e7100000, 0x00000000f5580000)
  object space 115712K, 19% used [0x00000000e0000000,0x00000000e1634d80,0x00000000e7100000)
 Metaspace       used 42597K, capacity 43009K, committed 43432K, reserved 1087488K
  class space    used 5427K, capacity 5543K, committed 5544K, reserved 1048576K
}
Event: 14.738 GC heap before
{Heap before GC invocations=12 (full 2):
 PSYoungGen      total 154624K, used 154601K [0x00000000f5580000, 0x0000000100000000, 0x0000000100000000)
  eden space 135168K, 100% used [0x00000000f5580000,0x00000000fd980000,0x00000000fd980000)
  from space 19456K, 99% used [0x00000000fd980000,0x00000000fec7a718,0x00000000fec80000)
  to   space 19968K, 0% used [0x00000000fec80000,0x00000000fec80000,0x0000000100000000)
 ParOldGen       total 115712K, used 22739K [0x00000000e0000000, 0x00000000e7100000, 0x00000000f5580000)
  object space 115712K, 19% used [0x00000000e0000000,0x00000000e1634d80,0x00000000e7100000)
 Metaspace       used 47724K, capacity 48119K, committed 48552K, reserved 1091584K
  class space    used 6119K, capacity 6220K, committed 6312K, reserved 1048576K
Event: 14.750 GC heap after
Heap after GC invocations=12 (full 2):
 PSYoungGen      total 149504K, used 15770K [0x00000000f5580000, 0x0000000100000000, 0x0000000100000000)
  eden space 129536K, 0% used [0x00000000f5580000,0x00000000f5580000,0x00000000fd400000)
  from space 19968K, 78% used [0x00000000fec80000,0x00000000ffbe6a50,0x0000000100000000)
  to   space 22528K, 0% used [0x00000000fd400000,0x00000000fd400000,0x00000000fea00000)
 ParOldGen       total 115712K, used 32561K [0x00000000e0000000, 0x00000000e7100000, 0x00000000f5580000)
  object space 115712K, 28% used [0x00000000e0000000,0x00000000e1fcc680,0x00000000e7100000)
 Metaspace       used 47724K, capacity 48119K, committed 48552K, reserved 1091584K
  class space    used 6119K, capacity 6220K, committed 6312K, reserved 1048576K
}

Deoptimization events (0 events):
No events

Internal exceptions (10 events):
Event: 14.758 Thread 0x00007fbbb5253800 Exception <a 'java/lang/ArrayIndexOutOfBoundsException'> (0x00000000f5779250) thrown at [/HUDSON3/workspace/8-2-build-linux-amd64/jdk8u101/7261/hotspot/src/share/vm/runtime/sharedRuntime.cpp, line 605]
Event: 14.759 Thread 0x00007fbbb5253800 Exception <a 'java/lang/ArrayIndexOutOfBoundsException'> (0x00000000f577a938) thrown at [/HUDSON3/workspace/8-2-build-linux-amd64/jdk8u101/7261/hotspot/src/share/vm/runtime/sharedRuntime.cpp, line 605]
Event: 14.759 Thread 0x00007fbbb5253800 Exception <a 'java/lang/ArrayIndexOutOfBoundsException'> (0x00000000f577be68) thrown at [/HUDSON3/workspace/8-2-build-linux-amd64/jdk8u101/7261/hotspot/src/share/vm/runtime/sharedRuntime.cpp, line 605]
Event: 14.759 Thread 0x00007fbbb5253800 Exception <a 'java/lang/ArrayIndexOutOfBoundsException'> (0x00000000f577ded8) thrown at [/HUDSON3/workspace/8-2-build-linux-amd64/jdk8u101/7261/hotspot/src/share/vm/runtime/sharedRuntime.cpp, line 605]
Event: 14.759 Thread 0x00007fbbb5253800 Exception <a 'java/lang/ArrayIndexOutOfBoundsException'> (0x00000000f577f460) thrown at [/HUDSON3/workspace/8-2-build-linux-amd64/jdk8u101/7261/hotspot/src/share/vm/runtime/sharedRuntime.cpp, line 605]
Event: 14.759 Thread 0x00007fbbb5253800 Exception <a 'java/lang/ArrayIndexOutOfBoundsException'> (0x00000000f57816f0) thrown at [/HUDSON3/workspace/8-2-build-linux-amd64/jdk8u101/7261/hotspot/src/share/vm/runtime/sharedRuntime.cpp, line 605]
Event: 14.759 Thread 0x00007fbbb5253800 Exception <a 'java/lang/ArrayIndexOutOfBoundsException'> (0x00000000f5783c20) thrown at [/HUDSON3/workspace/8-2-build-linux-amd64/jdk8u101/7261/hotspot/src/share/vm/runtime/sharedRuntime.cpp, line 605]
Event: 14.759 Thread 0x00007fbbb5253800 Exception <a 'java/lang/ArrayIndexOutOfBoundsException'> (0x00000000f57861d0) thrown at [/HUDSON3/workspace/8-2-build-linux-amd64/jdk8u101/7261/hotspot/src/share/vm/runtime/sharedRuntime.cpp, line 605]
Event: 28.560 Thread 0x00007fbbb524e000 Exception <a 'java/lang/ArrayIndexOutOfBoundsException'> (0x00000000f5a58bd0) thrown at [/HUDSON3/workspace/8-2-build-linux-amd64/jdk8u101/7261/hotspot/src/share/vm/runtime/sharedRuntime.cpp, line 605]
Event: 28.570 Thread 0x00007fbbb524e000 Exception <a 'java/lang/ArrayIndexOutOfBoundsException'> (0x00000000f5c512e0) thrown at [/HUDSON3/workspace/8-2-build-linux-amd64/jdk8u101/7261/hotspot/src/share/vm/runtime/sharedRuntime.cpp, line 605]

Events (10 events):
Event: 129.685 Thread 0x00007fbbb40e0000 flushing nmethod 0x00007fbba5717ed0
Event: 129.686 Thread 0x00007fbbb40e0000 flushing nmethod 0x00007fbba57dfbd0
Event: 129.686 Thread 0x00007fbbb40e0000 flushing nmethod 0x00007fbba5801790
Event: 129.686 Thread 0x00007fbbb40e0000 flushing nmethod 0x00007fbba5819790
Event: 129.686 Thread 0x00007fbbb40e0000 flushing nmethod 0x00007fbba5828850
Event: 136.586 Thread 0x00007fbbb40e0000 flushing nmethod 0x00007fbba5870090
Event: 7567.139 Executing VM operation: ChangeBreakpoints
Event: 7567.139 Executing VM operation: ChangeBreakpoints done
Event: 7688.225 Executing VM operation: RedefineClasses
Event: 7688.241 Executing VM operation: RedefineClasses done


Dynamic libraries:
00400000-00401000 r-xp 00000000 08:01 50726889                           /usr/java/jdk_8u101/bin/java
00600000-00601000 rw-p 00000000 08:01 50726889                           /usr/java/jdk_8u101/bin/java
00b4a000-00b6b000 rw-p 00000000 00:00 0                                  [heap]
e0000000-e7100000 rw-p 00000000 00:00 0 
e7100000-f5580000 ---p 00000000 00:00 0 
f5580000-100000000 rw-p 00000000 00:00 0 
100000000-10062a000 rw-p 00000000 00:00 0 
10062a000-140000000 ---p 00000000 00:00 0 
7fbadc000000-7fbadc021000 rw-p 00000000 00:00 0 
7fbadc021000-7fbae0000000 ---p 00000000 00:00 0 
7fbae4000000-7fbae4021000 rw-p 00000000 00:00 0 
7fbae4021000-7fbae8000000 ---p 00000000 00:00 0 
7fbae8000000-7fbae828d000 rw-p 00000000 00:00 0 
7fbae828d000-7fbaec000000 ---p 00000000 00:00 0 
7fbaec000000-7fbaec021000 rw-p 00000000 00:00 0 
7fbaec021000-7fbaf0000000 ---p 00000000 00:00 0 
7fbaf0000000-7fbaf0021000 rw-p 00000000 00:00 0 
7fbaf0021000-7fbaf4000000 ---p 00000000 00:00 0 
7fbaf4000000-7fbaf4021000 rw-p 00000000 00:00 0 
7fbaf4021000-7fbaf8000000 ---p 00000000 00:00 0 
7fbaf8000000-7fbaf8021000 rw-p 00000000 00:00 0 
7fbaf8021000-7fbafc000000 ---p 00000000 00:00 0 
7fbafc000000-7fbafc0cf000 rw-p 00000000 00:00 0 
7fbafc0cf000-7fbb00000000 ---p 00000000 00:00 0 
7fbb00000000-7fbb00021000 rw-p 00000000 00:00 0 
7fbb00021000-7fbb04000000 ---p 00000000 00:00 0 
7fbb04000000-7fbb0407f000 rw-p 00000000 00:00 0 
7fbb0407f000-7fbb08000000 ---p 00000000 00:00 0 
7fbb08000000-7fbb08037000 rw-p 00000000 00:00 0 
7fbb08037000-7fbb0c000000 ---p 00000000 00:00 0 
7fbb0c000000-7fbb0c021000 rw-p 00000000 00:00 0 
7fbb0c021000-7fbb10000000 ---p 00000000 00:00 0 
7fbb10000000-7fbb1003e000 rw-p 00000000 00:00 0 
7fbb1003e000-7fbb14000000 ---p 00000000 00:00 0 
7fbb14000000-7fbb140ef000 rw-p 00000000 00:00 0 
7fbb140ef000-7fbb18000000 ---p 00000000 00:00 0 
7fbb18000000-7fbb1804b000 rw-p 00000000 00:00 0 
7fbb1804b000-7fbb1c000000 ---p 00000000 00:00 0 
7fbb1c000000-7fbb1c021000 rw-p 00000000 00:00 0 
7fbb1c021000-7fbb20000000 ---p 00000000 00:00 0 
7fbb20000000-7fbb20021000 rw-p 00000000 00:00 0 
7fbb20021000-7fbb24000000 ---p 00000000 00:00 0 
7fbb261f0000-7fbb26370000 rw-p 00000000 00:00 0 
7fbb26370000-7fbb263f3000 ---p 00000000 00:00 0 
7fbb263f3000-7fbb264f1000 rw-p 00000000 00:00 0 
7fbb264f1000-7fbb264f4000 ---p 00000000 00:00 0 
7fbb264f4000-7fbb265f2000 rw-p 00000000 00:00 0 
7fbb265f2000-7fbb265f5000 ---p 00000000 00:00 0 
7fbb265f5000-7fbb266f3000 rw-p 00000000 00:00 0 
7fbb266f3000-7fbb266f6000 ---p 00000000 00:00 0 
7fbb266f6000-7fbb267f4000 rw-p 00000000 00:00 0 
7fbb267f4000-7fbb267f7000 ---p 00000000 00:00 0 
7fbb267f7000-7fbb268f5000 rw-p 00000000 00:00 0 
7fbb268f5000-7fbb268f8000 ---p 00000000 00:00 0 
7fbb268f8000-7fbb269f6000 rw-p 00000000 00:00 0 
7fbb269f6000-7fbb269f9000 ---p 00000000 00:00 0 
7fbb269f9000-7fbb26af7000 rw-p 00000000 00:00 0 
7fbb26af7000-7fbb26afa000 ---p 00000000 00:00 0 
7fbb26afa000-7fbb26bf8000 rw-p 00000000 00:00 0 
7fbb26bf8000-7fbb26bfb000 ---p 00000000 00:00 0 
7fbb26bfb000-7fbb26cf9000 rw-p 00000000 00:00 0 
7fbb26cf9000-7fbb26cfc000 ---p 00000000 00:00 0 
7fbb26cfc000-7fbb26dfa000 rw-p 00000000 00:00 0 
7fbb26dfa000-7fbb26dfd000 ---p 00000000 00:00 0 
7fbb26dfd000-7fbb26efb000 rw-p 00000000 00:00 0 
7fbb26efb000-7fbb26efe000 ---p 00000000 00:00 0 
7fbb26efe000-7fbb26ffc000 rw-p 00000000 00:00 0 
7fbb26ffc000-7fbb26fff000 ---p 00000000 00:00 0 
7fbb26fff000-7fbb270fd000 rw-p 00000000 00:00 0 
7fbb270fd000-7fbb27100000 ---p 00000000 00:00 0 
7fbb27100000-7fbb271fe000 rw-p 00000000 00:00 0 
7fbb271fe000-7fbb27201000 ---p 00000000 00:00 0 
7fbb27201000-7fbb274ff000 rw-p 00000000 00:00 0 
7fbb274ff000-7fbb276ff000 rw-p 00000000 00:00 0 
7fbb276ff000-7fbb278ff000 rw-p 00000000 00:00 0 
7fbb278ff000-7fbb27aff000 rw-p 00000000 00:00 0 
7fbb27aff000-7fbb27cff000 rw-p 00000000 00:00 0 
7fbb27cff000-7fbb27eff000 rw-p 00000000 00:00 0 
7fbb27eff000-7fbb27f02000 ---p 00000000 00:00 0 
7fbb27f02000-7fbb28000000 rw-p 00000000 00:00 0 
7fbb28000000-7fbb28021000 rw-p 00000000 00:00 0 
7fbb28021000-7fbb2c000000 ---p 00000000 00:00 0 
7fbb2c000000-7fbb2c021000 rw-p 00000000 00:00 0 
7fbb2c021000-7fbb30000000 ---p 00000000 00:00 0 
7fbb30000000-7fbb30021000 rw-p 00000000 00:00 0 
7fbb30021000-7fbb34000000 ---p 00000000 00:00 0 
7fbb34000000-7fbb3408f000 rw-p 00000000 00:00 0 
7fbb3408f000-7fbb38000000 ---p 00000000 00:00 0 
7fbb38000000-7fbb38021000 rw-p 00000000 00:00 0 
7fbb38021000-7fbb3c000000 ---p 00000000 00:00 0 
7fbb3c000000-7fbb3c021000 rw-p 00000000 00:00 0 
7fbb3c021000-7fbb40000000 ---p 00000000 00:00 0 
7fbb40000000-7fbb403e5000 rw-p 00000000 00:00 0 
7fbb403e5000-7fbb44000000 ---p 00000000 00:00 0 
7fbb44000000-7fbb44021000 rw-p 00000000 00:00 0 
7fbb44021000-7fbb48000000 ---p 00000000 00:00 0 
7fbb48000000-7fbb48291000 rw-p 00000000 00:00 0 
7fbb48291000-7fbb4c000000 ---p 00000000 00:00 0 
7fbb4c066000-7fbb4c069000 ---p 00000000 00:00 0 
7fbb4c069000-7fbb4c167000 rw-p 00000000 00:00 0 
7fbb4c167000-7fbb4c16a000 ---p 00000000 00:00 0 
7fbb4c16a000-7fbb4c468000 rw-p 00000000 00:00 0 
7fbb4c468000-7fbb4c668000 rw-p 00000000 00:00 0 
7fbb4c668000-7fbb4c868000 rw-p 00000000 00:00 0 
7fbb4c868000-7fbb4ca68000 rw-p 00000000 00:00 0 
7fbb4ca68000-7fbb4cc68000 rw-p 00000000 00:00 0 
7fbb4cc68000-7fbb4ccfe000 r--s 01102000 08:01 50727044                   /usr/java/jdk_8u101/jre/lib/ext/jfxrt.jar
7fbb4ccfe000-7fbb4cd01000 ---p 00000000 00:00 0 
7fbb4cd01000-7fbb4cfff000 rw-p 00000000 00:00 0 
7fbb4cfff000-7fbb50000000 rw-p 00000000 00:00 0 
7fbb50000000-7fbb50547000 rw-p 00000000 00:00 0 
7fbb50547000-7fbb54000000 ---p 00000000 00:00 0 
7fbb54000000-7fbb54021000 rw-p 00000000 00:00 0 
7fbb54021000-7fbb58000000 ---p 00000000 00:00 0 
7fbb58000000-7fbb58021000 rw-p 00000000 00:00 0 
7fbb58021000-7fbb5c000000 ---p 00000000 00:00 0 
7fbb5c000000-7fbb5c021000 rw-p 00000000 00:00 0 
7fbb5c021000-7fbb60000000 ---p 00000000 00:00 0 
7fbb60000000-7fbb60021000 rw-p 00000000 00:00 0 
7fbb60021000-7fbb64000000 ---p 00000000 00:00 0 
7fbb64000000-7fbb64046000 rw-p 00000000 00:00 0 
7fbb64046000-7fbb68000000 ---p 00000000 00:00 0 
7fbb68000000-7fbb682bc000 rw-p 00000000 00:00 0 
7fbb682bc000-7fbb6c000000 ---p 00000000 00:00 0 
7fbb6c000000-7fbb6c021000 rw-p 00000000 00:00 0 
7fbb6c021000-7fbb70000000 ---p 00000000 00:00 0 
7fbb70000000-7fbb70021000 rw-p 00000000 00:00 0 
7fbb70021000-7fbb74000000 ---p 00000000 00:00 0 
7fbb74000000-7fbb74021000 rw-p 00000000 00:00 0 
7fbb74021000-7fbb78000000 ---p 00000000 00:00 0 
7fbb78000000-7fbb7805a000 rw-p 00000000 00:00 0 
7fbb7805a000-7fbb7c000000 ---p 00000000 00:00 0 
7fbb7c000000-7fbb7c021000 rw-p 00000000 00:00 0 
7fbb7c021000-7fbb80000000 ---p 00000000 00:00 0 
7fbb80000000-7fbb80021000 rw-p 00000000 00:00 0 
7fbb80021000-7fbb84000000 ---p 00000000 00:00 0 
7fbb84028000-7fbb84043000 r--s 001d2000 08:01 50727047                   /usr/java/jdk_8u101/jre/lib/ext/nashorn.jar
7fbb84043000-7fbb84056000 r--s 00345000 08:01 50727192                   /usr/java/jdk_8u101/jre/lib/resources.jar
7fbb84056000-7fbb8405b000 r--s 002f9000 08:01 50726916                   /usr/java/jdk_8u101/jre/lib/charsets.jar
7fbb8405b000-7fbb8425b000 rw-p 00000000 00:00 0 
7fbb8425b000-7fbb8445b000 rw-p 00000000 00:00 0 
7fbb8445b000-7fbb8465b000 rw-p 00000000 00:00 0 
7fbb8465b000-7fbb8465e000 ---p 00000000 00:00 0 
7fbb8465e000-7fbb8495c000 rw-p 00000000 00:00 0 
7fbb8495c000-7fbb8495d000 ---p 00000000 00:00 0 
7fbb8495d000-7fbb84a5d000 rw-p 00000000 00:00 0 
7fbb84a5d000-7fbb84a60000 ---p 00000000 00:00 0 
7fbb84a60000-7fbb84b5e000 rw-p 00000000 00:00 0 
7fbb84b5e000-7fbb84b61000 ---p 00000000 00:00 0 
7fbb84b61000-7fbb84c5f000 rw-p 00000000 00:00 0 
7fbb84c5f000-7fbb84c62000 ---p 00000000 00:00 0 
7fbb84c62000-7fbb84d60000 rw-p 00000000 00:00 0 
7fbb84d60000-7fbb84d63000 ---p 00000000 00:00 0 
7fbb84d63000-7fbb84e61000 rw-p 00000000 00:00 0 
7fbb84e61000-7fbb84e64000 ---p 00000000 00:00 0 
7fbb84e64000-7fbb84f62000 rw-p 00000000 00:00 0 
7fbb84f62000-7fbb84f66000 r--s 00097000 08:01 50726915                   /usr/java/jdk_8u101/jre/lib/jsse.jar
7fbb84f66000-7fbb84f67000 r--s 00004000 08:01 25167103                   /home/wanghl/.m2/repository/org/activiti/activiti-diagram-rest/5.22.0/activiti-diagram-rest-5.22.0.jar
7fbb84f67000-7fbb84f6c000 r--s 00030000 08:01 26348391                   /home/wanghl/.m2/repository/org/apache/xmlgraphics/batik-svggen/1.7/batik-svggen-1.7.jar
7fbb84f6c000-7fbb84f79000 r--s 00086000 08:01 26348389                   /home/wanghl/.m2/repository/org/apache/xmlgraphics/batik-svg-dom/1.7/batik-svg-dom-1.7.jar
7fbb84f79000-7fbb84f80000 r--s 00045000 08:01 26087012                   /home/wanghl/.m2/repository/org/apache/xmlgraphics/batik-css/1.7/batik-css-1.7.jar
7fbb84f80000-7fbb84f83000 r--s 00026000 08:01 26483618                   /home/wanghl/.m2/repository/org/apache/xmlgraphics/batik-codec/1.7/batik-codec-1.7.jar
7fbb84f83000-7fbb84f8b000 r--s 00074000 08:01 26348387                   /home/wanghl/.m2/repository/org/apache/xmlgraphics/batik-js/1.7/batik-js-1.7.jar
7fbb84f8b000-7fbb84f8d000 r--s 0000d000 08:01 26348385                   /home/wanghl/.m2/repository/org/apache/xmlgraphics/batik-script/1.7/batik-script-1.7.jar
7fbb84f8d000-7fbb84f8e000 r--s 00002000 08:01 26218928                   /home/wanghl/.m2/repository/org/apache/xmlgraphics/batik-ext/1.7/batik-ext-1.7.jar
7fbb84f8e000-7fbb84f91000 r--s 00015000 08:01 26218926                   /home/wanghl/.m2/repository/org/apache/xmlgraphics/batik-anim/1.7/batik-anim-1.7.jar
7fbb84f91000-7fbb84f9b000 r--s 0007f000 08:01 26218924                   /home/wanghl/.m2/repository/org/apache/xmlgraphics/batik-bridge/1.7/batik-bridge-1.7.jar
7fbb84f9b000-7fbb84fa0000 r--s 00010000 08:01 26086058                   /home/wanghl/.m2/repository/xml-apis/xml-apis-ext/1.3.04/xml-apis-ext-1.3.04.jar
7fbb84fa0000-7fbb84fa4000 r--s 00038000 08:01 26348383                   /home/wanghl/.m2/repository/org/apache/xmlgraphics/batik-gvt/1.7/batik-gvt-1.7.jar
7fbb84fa4000-7fbb84fa8000 r--s 00027000 08:01 26218922                   /home/wanghl/.m2/repository/org/apache/xmlgraphics/batik-dom/1.7/batik-dom-1.7.jar
7fbb84fa8000-7fbb84faa000 r--s 0000d000 08:01 25037509                   /home/wanghl/.m2/repository/org/apache/avalon/framework/avalon-framework-impl/4.3.1/avalon-framework-impl-4.3.1.jar
7fbb84faa000-7fbb84fad000 r--s 00006000 08:01 25037490                   /home/wanghl/.m2/repository/org/apache/avalon/framework/avalon-framework-api/4.3.1/avalon-framework-api-4.3.1.jar
7fbb84fad000-7fbb84fb0000 r--s 0000d000 08:01 17302035                   /home/wanghl/.m2/repository/commons-io/commons-io/1.1/commons-io-1.1.jar
7fbb84fb0000-7fbb84fb2000 r--s 00008000 08:01 14027739                   /home/wanghl/.m2/repository/commons-logging/commons-logging/1.0.4/commons-logging-1.0.4.jar
7fbb84fb2000-7fbb84fb8000 r--s 0004e000 08:01 26218920                   /home/wanghl/.m2/repository/org/apache/xmlgraphics/xmlgraphics-commons/1.2/xmlgraphics-commons-1.2.jar
7fbb84fb8000-7fbb84fd7000 r--s 001df000 08:01 26091962                   /home/wanghl/.m2/repository/org/apache/xmlgraphics/fop/0.94/fop-0.94.jar
7fbb84fd7000-7fbb84fda000 r--s 0001b000 08:01 26091960                   /home/wanghl/.m2/repository/org/apache/xmlgraphics/batik-transcoder/1.7/batik-transcoder-1.7.jar
7fbb84fda000-7fbb84fdb000 r--s 00007000 08:01 26091958                   /home/wanghl/.m2/repository/org/apache/xmlgraphics/batik-xml/1.7/batik-xml-1.7.jar
7fbb84fdb000-7fbb84fde000 r--s 0001d000 08:01 26087014                   /home/wanghl/.m2/repository/org/apache/xmlgraphics/batik-util/1.7/batik-util-1.7.jar
7fbb84fde000-7fbb84fe6000 r--s 0005b000 08:01 26091956                   /home/wanghl/.m2/repository/org/apache/xmlgraphics/batik-awt-util/1.7/batik-awt-util-1.7.jar
7fbb84fe6000-7fbb84fe8000 r--s 00010000 08:01 26091954                   /home/wanghl/.m2/repository/org/apache/xmlgraphics/batik-parser/1.7/batik-parser-1.7.jar
7fbb84fe8000-7fbb84feb000 r--s 0000b000 08:01 14550512                   /home/wanghl/.m2/repository/com/fasterxml/jackson/core/jackson-annotations/2.8.0/jackson-annotations-2.8.0.jar
7fbb84feb000-7fbb84ffd000 r--s 0011e000 08:01 14701254                   /home/wanghl/.m2/repository/com/fasterxml/jackson/core/jackson-databind/2.8.10/jackson-databind-2.8.10.jar
7fbb84ffd000-7fbb85001000 r--s 00042000 08:01 14831790                   /home/wanghl/.m2/repository/com/fasterxml/jackson/core/jackson-core/2.8.10/jackson-core-2.8.10.jar
7fbb85001000-7fbb8500c000 r--s 00053000 08:01 14831788                   /home/wanghl/.m2/repository/org/springframework/security/spring-security-web/4.2.3.RELEASE/spring-security-web-4.2.3.RELEASE.jar
7fbb8500c000-7fbb8500e000 r--s 0000c000 08:01 15481083                   /home/wanghl/.m2/repository/org/springframework/security/spring-security-crypto/4.2.3.RELEASE/spring-security-crypto-4.2.3.RELEASE.jar
7fbb8500e000-7fbb8501a000 r--s 00056000 08:01 14831781                   /home/wanghl/.m2/repository/org/springframework/security/spring-security-core/4.2.3.RELEASE/spring-security-core-4.2.3.RELEASE.jar
7fbb8501a000-7fbb8501c000 r--s 00000000 08:01 14549981                   /home/wanghl/.m2/repository/aopalliance/aopalliance/1.0/aopalliance-1.0.jar
7fbb8501c000-7fbb85026000 r--s 00086000 08:01 14831764                   /home/wanghl/.m2/repository/org/springframework/security/spring-security-config/4.2.3.RELEASE/spring-security-config-4.2.3.RELEASE.jar
7fbb85026000-7fbb85038000 r--s 000cf000 08:01 17316038                   /home/wanghl/.m2/repository/org/springframework/spring-webmvc/4.3.13.RELEASE/spring-webmvc-4.3.13.RELEASE.jar
7fbb85038000-7fbb8504a000 r--s 000b8000 08:01 14831778                   /home/wanghl/.m2/repository/org/springframework/spring-web/4.3.13.RELEASE/spring-web-4.3.13.RELEASE.jar
7fbb8504a000-7fbb8504f000 r--s 00054000 08:01 24908118                   /home/wanghl/.m2/repository/math/geom2d/javaGeom/0.11.1/javaGeom-0.11.1.jar
7fbb8504f000-7fbb85051000 r--s 00017000 08:01 24908116                   /home/wanghl/.m2/repository/org/activiti/activiti-json-converter/5.22.0/activiti-json-converter-5.22.0.jar
7fbb85051000-7fbb85053000 r--s 00002000 08:01 24778709                   /home/wanghl/.m2/repository/org/activiti/activiti-common-rest/5.22.0/activiti-common-rest-5.22.0.jar
7fbb85053000-7fbb85055000 r--s 00001000 08:01 24778707                   /home/wanghl/.m2/repository/org/activiti/activiti-modeler/5.22.0/activiti-modeler-5.22.0.jar
7fbb85055000-7fbb85058000 r--s 00019000 08:01 21366830                   /home/wanghl/.m2/repository/commons-pool/commons-pool/1.6/commons-pool-1.6.jar
7fbb85058000-7fbb8505b000 r--s 00025000 08:01 21366828                   /home/wanghl/.m2/repository/commons-dbcp/commons-dbcp/1.4/commons-dbcp-1.4.jar
7fbb8505b000-7fbb85065000 r--s 0006b000 08:01 14831774                   /home/wanghl/.m2/repository/org/springframework/spring-orm/4.3.13.RELEASE/spring-orm-4.3.13.RELEASE.jar
7fbb85065000-7fbb8506d000 r--s 0003a000 08:01 14831784                   /home/wanghl/.m2/repository/org/springframework/spring-tx/4.3.13.RELEASE/spring-tx-4.3.13.RELEASE.jar
7fbb8506d000-7fbb85077000 r--s 0005f000 08:01 14831785                   /home/wanghl/.m2/repository/org/springframework/spring-jdbc/4.3.13.RELEASE/spring-jdbc-4.3.13.RELEASE.jar
7fbb85077000-7fbb8507c000 r--s 0003c000 08:01 14701257                   /home/wanghl/.m2/repository/org/springframework/spring-expression/4.3.13.RELEASE/spring-expression-4.3.13.RELEASE.jar
7fbb8507c000-7fbb85085000 r--s 00054000 08:01 14701252                   /home/wanghl/.m2/repository/org/springframework/spring-aop/4.3.13.RELEASE/spring-aop-4.3.13.RELEASE.jar
7fbb85085000-7fbb8509e000 r--s 000fe000 08:01 14701251                   /home/wanghl/.m2/repository/org/springframework/spring-context/4.3.13.RELEASE/spring-context-4.3.13.RELEASE.jar
7fbb8509e000-7fbb850a0000 r--s 00008000 08:01 24778705                   /home/wanghl/.m2/repository/org/activiti/activiti-spring/5.22.0/activiti-spring-5.22.0.jar
7fbb850a0000-7fbb850a2000 r--s 00003000 08:01 15075850                   /home/wanghl/.m2/repository/org/slf4j/jcl-over-slf4j/1.7.25/jcl-over-slf4j-1.7.25.jar
7fbb850a2000-7fbb850a4000 r--s 00009000 08:01 15075864                   /home/wanghl/.m2/repository/org/slf4j/slf4j-api/1.7.25/slf4j-api-1.7.25.jar
7fbb850a4000-7fbb850b5000 r--s 0008a000 08:01 25833413                   /home/wanghl/.m2/repository/joda-time/joda-time/2.9.9/joda-time-2.9.9.jar
7fbb850b5000-7fbb850c3000 r--s 000ad000 08:01 14701253                   /home/wanghl/.m2/repository/org/springframework/spring-beans/4.3.13.RELEASE/spring-beans-4.3.13.RELEASE.jar
7fbb850c3000-7fbb850da000 r--s 00144000 08:01 26608554                   /home/wanghl/.m2/repository/org/mybatis/mybatis/3.3.0/mybatis-3.3.0.jar
7fbb850da000-7fbb850e1000 r--s 0005e000 08:01 14944921                   /home/wanghl/.m2/repository/org/apache/commons/commons-lang3/3.3.2/commons-lang3-3.3.2.jar
7fbb850e1000-7fbb850e3000 r--s 0000f000 08:01 18484515                   /home/wanghl/.m2/repository/javax/activation/activation/1.1.1/activation-1.1.1.jar
7fbb850e3000-7fbb850ec000 r--s 0008c000 08:01 14813522                   /home/wanghl/.m2/repository/com/sun/mail/javax.mail/1.5.6/javax.mail-1.5.6.jar
7fbb850ec000-7fbb850ee000 r--s 0000b000 08:01 20451389                   /home/wanghl/.m2/repository/org/apache/commons/commons-email/1.4/commons-email-1.4.jar
7fbb850ee000-7fbb850f1000 r--s 0000f000 08:01 24778703                   /home/wanghl/.m2/repository/org/activiti/activiti-image-generator/5.22.0/activiti-image-generator-5.22.0.jar
7fbb850f1000-7fbb850f3000 r--s 0000c000 08:01 24778701                   /home/wanghl/.m2/repository/org/activiti/activiti-process-validation/5.22.0/activiti-process-validation-5.22.0.jar
7fbb850f3000-7fbb850f7000 r--s 00015000 08:01 24778699                   /home/wanghl/.m2/repository/org/activiti/activiti-bpmn-model/5.22.0/activiti-bpmn-model-5.22.0.jar
7fbb850f7000-7fbb850fb000 r--s 0002d000 08:01 24778697                   /home/wanghl/.m2/repository/org/activiti/activiti-bpmn-converter/5.22.0/activiti-bpmn-converter-5.22.0.jar
7fbb850fb000-7fbb85125000 r--s 00199000 08:01 24645770                   /home/wanghl/.m2/repository/org/activiti/activiti-engine/5.22.0/activiti-engine-5.22.0.jar
7fbb85125000-7fbb8513c000 r--s 000fc000 08:01 14701260                   /home/wanghl/.m2/repository/org/springframework/spring-core/4.3.13.RELEASE/spring-core-4.3.13.RELEASE.jar
7fbb8513c000-7fbb85143000 r--s 0009f000 08:01 30544521                   /home/wanghl/.m2/repository/org/postgresql/postgresql/9.4.1212.jre7/postgresql-9.4.1212.jre7.jar
7fbb85143000-7fbb8514c000 r--s 0002d000 08:01 16258892                   /home/wanghl/.m2/repository/xml-apis/xml-apis/1.4.01/xml-apis-1.4.01.jar
7fbb8514c000-7fbb85165000 r--s 00135000 08:01 14682060                   /home/wanghl/.m2/repository/xerces/xercesImpl/2.11.0/xercesImpl-2.11.0.jar
7fbb85165000-7fbb85167000 r--s 0001d000 08:01 21105563                   /home/wanghl/.m2/repository/net/sourceforge/nekohtml/nekohtml/1.9.22/nekohtml-1.9.22.jar
7fbb85167000-7fbb851b4000 r--s 00410000 08:01 22283203                   /home/wanghl/.m2/repository/org/codehaus/groovy/groovy/2.4.13/groovy-2.4.13.jar
7fbb851b4000-7fbb851b7000 r--s 0001a000 08:01 21495945                   /home/wanghl/.m2/repository/nz/net/ultraq/thymeleaf/thymeleaf-layout-dialect/1.4.0/thymeleaf-layout-dialect-1.4.0.jar
7fbb851b7000-7fbb851ba000 r--s 00020000 08:01 21495941                   /home/wanghl/.m2/repository/org/unbescape/unbescape/1.1.0.RELEASE/unbescape-1.1.0.RELEASE.jar
7fbb851ba000-7fbb851c4000 r--s 000aa000 08:01 17958915                   /home/wanghl/.m2/repository/org/javassist/javassist/3.21.0-GA/javassist-3.21.0-GA.jar
7fbb851c4000-7fbb851c7000 r--s 00035000 08:01 21495939                   /home/wanghl/.m2/repository/ognl/ognl/3.0.8/ognl-3.0.8.jar
7fbb851c7000-7fbb851d4000 r--s 000b7000 08:01 21496657                   /home/wanghl/.m2/repository/org/thymeleaf/thymeleaf/2.1.6.RELEASE/thymeleaf-2.1.6.RELEASE.jar
7fbb851d4000-7fbb851d7000 r--s 00034000 08:01 21496655                   /home/wanghl/.m2/repository/org/thymeleaf/thymeleaf-spring4/2.1.6.RELEASE/thymeleaf-spring4-2.1.6.RELEASE.jar
7fbb851d7000-7fbb851d9000 r--s 0000e000 08:01 18101730                   /home/wanghl/.m2/repository/com/fasterxml/classmate/1.3.4/classmate-1.3.4.jar
7fbb851d9000-7fbb851dc000 r--s 0000e000 08:01 28067073                   /home/wanghl/.m2/repository/org/jboss/logging/jboss-logging/3.3.1.Final/jboss-logging-3.3.1.Final.jar
7fbb851dc000-7fbb851e0000 r--s 0000c000 08:01 17433387                   /home/wanghl/.m2/repository/javax/validation/validation-api/1.1.0.Final/validation-api-1.1.0.Final.jar
7fbb851e0000-7fbb851f1000 r--s 000a1000 08:01 18091644                   /home/wanghl/.m2/repository/org/hibernate/hibernate-validator/5.3.6.Final/hibernate-validator-5.3.6.Final.jar
7fbb851f1000-7fbb851f6000 r--s 00038000 08:01 19543427                   /home/wanghl/.m2/repository/org/apache/tomcat/embed/tomcat-embed-websocket/8.5.23/tomcat-embed-websocket-8.5.23.jar
7fbb851f6000-7fbb851fa000 r--s 00037000 08:01 19543424                   /home/wanghl/.m2/repository/org/apache/tomcat/embed/tomcat-embed-el/8.5.23/tomcat-embed-el-8.5.23.jar
7fbb851fa000-7fbb85223000 r--s 002c7000 08:01 19543425                   /home/wanghl/.m2/repository/org/apache/tomcat/embed/tomcat-embed-core/8.5.23/tomcat-embed-core-8.5.23.jar
7fbb85223000-7fbb85243000 r--s 000e6000 08:01 19543422                   /home/wanghl/.m2/repository/org/springframework/boot/spring-boot-autoconfigure/1.5.9.RELEASE/spring-boot-autoconfigure-1.5.9.RELEASE.jar
7fbb85243000-7fbb85254000 r-xp 00000000 08:01 50726994                   /usr/java/jdk_8u101/jre/lib/amd64/libnio.so
7fbb85254000-7fbb85453000 ---p 00011000 08:01 50726994                   /usr/java/jdk_8u101/jre/lib/amd64/libnio.so
7fbb85453000-7fbb85454000 rw-p 00010000 08:01 50726994                   /usr/java/jdk_8u101/jre/lib/amd64/libnio.so
7fbb85454000-7fbb8546a000 r-xp 00000000 08:01 50726971                   /usr/java/jdk_8u101/jre/lib/amd64/libnet.so
7fbb8546a000-7fbb8566a000 ---p 00016000 08:01 50726971                   /usr/java/jdk_8u101/jre/lib/amd64/libnet.so
7fbb8566a000-7fbb8566b000 rw-p 00016000 08:01 50726971                   /usr/java/jdk_8u101/jre/lib/amd64/libnet.so
7fbb8566b000-7fbb85674000 r-xp 00000000 08:01 50727005                   /usr/java/jdk_8u101/jre/lib/amd64/libmanagement.so
7fbb85674000-7fbb85873000 ---p 00009000 08:01 50727005                   /usr/java/jdk_8u101/jre/lib/amd64/libmanagement.so
7fbb85873000-7fbb85874000 rw-p 00008000 08:01 50727005                   /usr/java/jdk_8u101/jre/lib/amd64/libmanagement.so
7fbb85874000-7fbb85877000 ---p 00000000 00:00 0 
7fbb85877000-7fbb85975000 rw-p 00000000 00:00 0 
7fbb85975000-7fbb85978000 ---p 00000000 00:00 0 
7fbb85978000-7fbb85a76000 rw-p 00000000 00:00 0 
7fbb85a76000-7fbb85a79000 ---p 00000000 00:00 0 
7fbb85a79000-7fbb85b77000 rw-p 00000000 00:00 0 
7fbb85b77000-7fbb85b7a000 ---p 00000000 00:00 0 
7fbb85b7a000-7fbb85c78000 rw-p 00000000 00:00 0 
7fbb85c78000-7fbb85c7b000 ---p 00000000 00:00 0 
7fbb85c7b000-7fbb85d79000 rw-p 00000000 00:00 0 
7fbb85d79000-7fbb85d7c000 ---p 00000000 00:00 0 
7fbb85d7c000-7fbb85e7a000 rw-p 00000000 00:00 0 
7fbb85e7a000-7fbb85e7d000 ---p 00000000 00:00 0 
7fbb85e7d000-7fbb85f7b000 rw-p 00000000 00:00 0 
7fbb85f7b000-7fbb85f7e000 ---p 00000000 00:00 0 
7fbb85f7e000-7fbb8607c000 rw-p 00000000 00:00 0 
7fbb8607c000-7fbb86080000 r-xp 00000000 08:01 50727010                   /usr/java/jdk_8u101/jre/lib/amd64/libdt_socket.so
7fbb86080000-7fbb8627f000 ---p 00004000 08:01 50727010                   /usr/java/jdk_8u101/jre/lib/amd64/libdt_socket.so
7fbb8627f000-7fbb86280000 rw-p 00003000 08:01 50727010                   /usr/java/jdk_8u101/jre/lib/amd64/libdt_socket.so
7fbb86280000-7fbb86283000 ---p 00000000 00:00 0 
7fbb86283000-7fbb86381000 rw-p 00000000 00:00 0 
7fbb86381000-7fbb86384000 ---p 00000000 00:00 0 
7fbb86384000-7fbb86482000 rw-p 00000000 00:00 0 
7fbb86482000-7fbb86485000 ---p 00000000 00:00 0 
7fbb86485000-7fbb86583000 rw-p 00000000 00:00 0 
7fbb86583000-7fbb86584000 ---p 00000000 00:00 0 
7fbb86584000-7fbb88000000 rw-p 00000000 00:00 0 
7fbb88000000-7fbb88021000 rw-p 00000000 00:00 0 
7fbb88021000-7fbb8c000000 ---p 00000000 00:00 0 
7fbb8c000000-7fbb8c021000 rw-p 00000000 00:00 0 
7fbb8c021000-7fbb90000000 ---p 00000000 00:00 0 
7fbb90000000-7fbb90021000 rw-p 00000000 00:00 0 
7fbb90021000-7fbb94000000 ---p 00000000 00:00 0 
7fbb94000000-7fbb94021000 rw-p 00000000 00:00 0 
7fbb94021000-7fbb98000000 ---p 00000000 00:00 0 
7fbb98000000-7fbb98021000 rw-p 00000000 00:00 0 
7fbb98021000-7fbb9c000000 ---p 00000000 00:00 0 
7fbb9c000000-7fbb9c021000 rw-p 00000000 00:00 0 
7fbb9c021000-7fbba0000000 ---p 00000000 00:00 0 
7fbba0000000-7fbba0021000 rw-p 00000000 00:00 0 
7fbba0021000-7fbba4000000 ---p 00000000 00:00 0 
7fbba4000000-7fbba5000000 rw-p 00000000 00:00 0 
7fbba5000000-7fbba5a40000 rwxp 00000000 00:00 0 
7fbba5a40000-7fbbb4000000 ---p 00000000 00:00 0 
7fbbb4000000-7fbbb52a7000 rw-p 00000000 00:00 0 
7fbbb52a7000-7fbbb8000000 ---p 00000000 00:00 0 
7fbbb8000000-7fbbb8002000 r--s 00003000 08:01 24134114                   /home/wanghl/.m2/repository/org/apache/tomcat/tomcat-annotations-api/8.5.23/tomcat-annotations-api-8.5.23.jar
7fbbb8002000-7fbbb8008000 r--s 0003d000 08:01 19531363                   /home/wanghl/.m2/repository/org/yaml/snakeyaml/1.17/snakeyaml-1.17.jar
7fbbb8008000-7fbbb8013000 r--s 0006a000 08:01 27928092                   /home/wanghl/.m2/repository/ch/qos/logback/logback-core/1.1.11/logback-core-1.1.11.jar
7fbbb8013000-7fbbb801a000 r--s 00045000 08:01 27928091                   /home/wanghl/.m2/repository/ch/qos/logback/logback-classic/1.1.11/logback-classic-1.1.11.jar
7fbbb801a000-7fbbb8310000 rw-p 00000000 00:00 0 
7fbbb8310000-7fbbb84e9000 r--s 03d29000 08:01 50726963                   /usr/java/jdk_8u101/jre/lib/rt.jar
7fbbb84e9000-7fbbb8ee2000 rw-p 00000000 00:00 0 
7fbbb8ee2000-7fbbb8ee3000 ---p 00000000 00:00 0 
7fbbb8ee3000-7fbbb8fe3000 rw-p 00000000 00:00 0 
7fbbb8fe3000-7fbbb8fe4000 ---p 00000000 00:00 0 
7fbbb8fe4000-7fbbb90e4000 rw-p 00000000 00:00 0 
7fbbb90e4000-7fbbb90e5000 ---p 00000000 00:00 0 
7fbbb90e5000-7fbbb91e5000 rw-p 00000000 00:00 0 
7fbbb91e5000-7fbbb91e6000 ---p 00000000 00:00 0 
7fbbb91e6000-7fbbb92e6000 rw-p 00000000 00:00 0 
7fbbb92e6000-7fbbb92e7000 ---p 00000000 00:00 0 
7fbbb92e7000-7fbbb93e7000 rw-p 00000000 00:00 0 
7fbbb93e7000-7fbbb93e8000 ---p 00000000 00:00 0 
7fbbb93e8000-7fbbb94e8000 rw-p 00000000 00:00 0 
7fbbb94e8000-7fbbb94e9000 ---p 00000000 00:00 0 
7fbbb94e9000-7fbbb95e9000 rw-p 00000000 00:00 0 
7fbbb95e9000-7fbbb95ea000 ---p 00000000 00:00 0 
7fbbb95ea000-7fbbb9723000 rw-p 00000000 00:00 0 
7fbbb9723000-7fbbb9794000 ---p 00000000 00:00 0 
7fbbb9794000-7fbbb97ea000 rw-p 00000000 00:00 0 
7fbbb97ea000-7fbbb9814000 rw-p 00000000 00:00 0 
7fbbb9814000-7fbbb9bab000 ---p 00000000 00:00 0 
7fbbb9bab000-7fbbb9bc5000 r-xp 00000000 08:01 50726992                   /usr/java/jdk_8u101/jre/lib/amd64/libzip.so
7fbbb9bc5000-7fbbb9dc5000 ---p 0001a000 08:01 50726992                   /usr/java/jdk_8u101/jre/lib/amd64/libzip.so
7fbbb9dc5000-7fbbb9dc6000 rw-p 0001a000 08:01 50726992                   /usr/java/jdk_8u101/jre/lib/amd64/libzip.so
7fbbb9dc6000-7fbbb9dd1000 r-xp 00000000 08:01 51123401                   /lib/x86_64-linux-gnu/libnss_files-2.23.so
7fbbb9dd1000-7fbbb9fd0000 ---p 0000b000 08:01 51123401                   /lib/x86_64-linux-gnu/libnss_files-2.23.so
7fbbb9fd0000-7fbbb9fd1000 r--p 0000a000 08:01 51123401                   /lib/x86_64-linux-gnu/libnss_files-2.23.so
7fbbb9fd1000-7fbbb9fd2000 rw-p 0000b000 08:01 51123401                   /lib/x86_64-linux-gnu/libnss_files-2.23.so
7fbbb9fd2000-7fbbb9fd8000 rw-p 00000000 00:00 0 
7fbbb9fd8000-7fbbb9fe3000 r-xp 00000000 08:01 51123409                   /lib/x86_64-linux-gnu/libnss_nis-2.23.so
7fbbb9fe3000-7fbbba1e2000 ---p 0000b000 08:01 51123409                   /lib/x86_64-linux-gnu/libnss_nis-2.23.so
7fbbba1e2000-7fbbba1e3000 r--p 0000a000 08:01 51123409                   /lib/x86_64-linux-gnu/libnss_nis-2.23.so
7fbbba1e3000-7fbbba1e4000 rw-p 0000b000 08:01 51123409                   /lib/x86_64-linux-gnu/libnss_nis-2.23.so
7fbbba1e4000-7fbbba1fa000 r-xp 00000000 08:01 51118308                   /lib/x86_64-linux-gnu/libnsl-2.23.so
7fbbba1fa000-7fbbba3f9000 ---p 00016000 08:01 51118308                   /lib/x86_64-linux-gnu/libnsl-2.23.so
7fbbba3f9000-7fbbba3fa000 r--p 00015000 08:01 51118308                   /lib/x86_64-linux-gnu/libnsl-2.23.so
7fbbba3fa000-7fbbba3fb000 rw-p 00016000 08:01 51118308                   /lib/x86_64-linux-gnu/libnsl-2.23.so
7fbbba3fb000-7fbbba3fd000 rw-p 00000000 00:00 0 
7fbbba3fd000-7fbbba405000 r-xp 00000000 08:01 51118370                   /lib/x86_64-linux-gnu/libnss_compat-2.23.so
7fbbba405000-7fbbba604000 ---p 00008000 08:01 51118370                   /lib/x86_64-linux-gnu/libnss_compat-2.23.so
7fbbba604000-7fbbba605000 r--p 00007000 08:01 51118370                   /lib/x86_64-linux-gnu/libnss_compat-2.23.so
7fbbba605000-7fbbba606000 rw-p 00008000 08:01 51118370                   /lib/x86_64-linux-gnu/libnss_compat-2.23.so
7fbbba606000-7fbbbaba4000 r--p 00000000 08:01 43780308                   /usr/lib/locale/locale-archive
7fbbbaba4000-7fbbbaba6000 r-xp 00000000 08:01 50727000                   /usr/java/jdk_8u101/jre/lib/amd64/libnpt.so
7fbbbaba6000-7fbbbada6000 ---p 00002000 08:01 50727000                   /usr/java/jdk_8u101/jre/lib/amd64/libnpt.so
7fbbbada6000-7fbbbada7000 rw-p 00002000 08:01 50727000                   /usr/java/jdk_8u101/jre/lib/amd64/libnpt.so
7fbbbada7000-7fbbbade0000 r-xp 00000000 08:01 50726968                   /usr/java/jdk_8u101/jre/lib/amd64/libjdwp.so
7fbbbade0000-7fbbbafdf000 ---p 00039000 08:01 50726968                   /usr/java/jdk_8u101/jre/lib/amd64/libjdwp.so
7fbbbafdf000-7fbbbafe1000 rw-p 00038000 08:01 50726968                   /usr/java/jdk_8u101/jre/lib/amd64/libjdwp.so
7fbbbafe1000-7fbbbb00b000 r-xp 00000000 08:01 50727018                   /usr/java/jdk_8u101/jre/lib/amd64/libjava.so
7fbbbb00b000-7fbbbb20b000 ---p 0002a000 08:01 50727018                   /usr/java/jdk_8u101/jre/lib/amd64/libjava.so
7fbbbb20b000-7fbbbb20d000 rw-p 0002a000 08:01 50727018                   /usr/java/jdk_8u101/jre/lib/amd64/libjava.so
7fbbbb20d000-7fbbbb21a000 r-xp 00000000 08:01 50726972                   /usr/java/jdk_8u101/jre/lib/amd64/libverify.so
7fbbbb21a000-7fbbbb41a000 ---p 0000d000 08:01 50726972                   /usr/java/jdk_8u101/jre/lib/amd64/libverify.so
7fbbbb41a000-7fbbbb41c000 rw-p 0000d000 08:01 50726972                   /usr/java/jdk_8u101/jre/lib/amd64/libverify.so
7fbbbb41c000-7fbbbb423000 r-xp 00000000 08:01 51123411                   /lib/x86_64-linux-gnu/librt-2.23.so
7fbbbb423000-7fbbbb622000 ---p 00007000 08:01 51123411                   /lib/x86_64-linux-gnu/librt-2.23.so
7fbbbb622000-7fbbbb623000 r--p 00006000 08:01 51123411                   /lib/x86_64-linux-gnu/librt-2.23.so
7fbbbb623000-7fbbbb624000 rw-p 00007000 08:01 51123411                   /lib/x86_64-linux-gnu/librt-2.23.so
7fbbbb624000-7fbbbb72c000 r-xp 00000000 08:01 51118307                   /lib/x86_64-linux-gnu/libm-2.23.so
7fbbbb72c000-7fbbbb92b000 ---p 00108000 08:01 51118307                   /lib/x86_64-linux-gnu/libm-2.23.so
7fbbbb92b000-7fbbbb92c000 r--p 00107000 08:01 51118307                   /lib/x86_64-linux-gnu/libm-2.23.so
7fbbbb92c000-7fbbbb92d000 rw-p 00108000 08:01 51118307                   /lib/x86_64-linux-gnu/libm-2.23.so
7fbbbb92d000-7fbbbc5f8000 r-xp 00000000 08:01 50727022                   /usr/java/jdk_8u101/jre/lib/amd64/server/libjvm.so
7fbbbc5f8000-7fbbbc7f7000 ---p 00ccb000 08:01 50727022                   /usr/java/jdk_8u101/jre/lib/amd64/server/libjvm.so
7fbbbc7f7000-7fbbbc8d0000 rw-p 00cca000 08:01 50727022                   /usr/java/jdk_8u101/jre/lib/amd64/server/libjvm.so
7fbbbc8d0000-7fbbbc91b000 rw-p 00000000 00:00 0 
7fbbbc91b000-7fbbbcadb000 r-xp 00000000 08:01 51118344                   /lib/x86_64-linux-gnu/libc-2.23.so
7fbbbcadb000-7fbbbccdb000 ---p 001c0000 08:01 51118344                   /lib/x86_64-linux-gnu/libc-2.23.so
7fbbbccdb000-7fbbbccdf000 r--p 001c0000 08:01 51118344                   /lib/x86_64-linux-gnu/libc-2.23.so
7fbbbccdf000-7fbbbcce1000 rw-p 001c4000 08:01 51118344                   /lib/x86_64-linux-gnu/libc-2.23.so
7fbbbcce1000-7fbbbcce5000 rw-p 00000000 00:00 0 
7fbbbcce5000-7fbbbcce8000 r-xp 00000000 08:01 51118352                   /lib/x86_64-linux-gnu/libdl-2.23.so
7fbbbcce8000-7fbbbcee7000 ---p 00003000 08:01 51118352                   /lib/x86_64-linux-gnu/libdl-2.23.so
7fbbbcee7000-7fbbbcee8000 r--p 00002000 08:01 51118352                   /lib/x86_64-linux-gnu/libdl-2.23.so
7fbbbcee8000-7fbbbcee9000 rw-p 00003000 08:01 51118352                   /lib/x86_64-linux-gnu/libdl-2.23.so
7fbbbcee9000-7fbbbcefe000 r-xp 00000000 08:01 47318053                   /usr/java/jdk_8u101/lib/amd64/jli/libjli.so
7fbbbcefe000-7fbbbd0fe000 ---p 00015000 08:01 47318053                   /usr/java/jdk_8u101/lib/amd64/jli/libjli.so
7fbbbd0fe000-7fbbbd0ff000 rw-p 00015000 08:01 47318053                   /usr/java/jdk_8u101/lib/amd64/jli/libjli.so
7fbbbd0ff000-7fbbbd117000 r-xp 00000000 08:01 51118340                   /lib/x86_64-linux-gnu/libpthread-2.23.so
7fbbbd117000-7fbbbd316000 ---p 00018000 08:01 51118340                   /lib/x86_64-linux-gnu/libpthread-2.23.so
7fbbbd316000-7fbbbd317000 r--p 00017000 08:01 51118340                   /lib/x86_64-linux-gnu/libpthread-2.23.so
7fbbbd317000-7fbbbd318000 rw-p 00018000 08:01 51118340                   /lib/x86_64-linux-gnu/libpthread-2.23.so
7fbbbd318000-7fbbbd31c000 rw-p 00000000 00:00 0 
7fbbbd31c000-7fbbbd342000 r-xp 00000000 08:01 51118334                   /lib/x86_64-linux-gnu/ld-2.23.so
7fbbbd342000-7fbbbd343000 r--s 00000000 08:01 19543420                   /home/wanghl/.m2/repository/org/springframework/boot/spring-boot-starter-tomcat/1.5.9.RELEASE/spring-boot-starter-tomcat-1.5.9.RELEASE.jar
7fbbbd343000-7fbbbd345000 r--s 00004000 08:01 27928097                   /home/wanghl/.m2/repository/org/slf4j/log4j-over-slf4j/1.7.25/log4j-over-slf4j-1.7.25.jar
7fbbbd345000-7fbbbd347000 r--s 00000000 08:01 27928094                   /home/wanghl/.m2/repository/org/slf4j/jul-to-slf4j/1.7.25/jul-to-slf4j-1.7.25.jar
7fbbbd347000-7fbbbd3a1000 rw-p 00000000 00:00 0 
7fbbbd3a1000-7fbbbd413000 ---p 00000000 00:00 0 
7fbbbd413000-7fbbbd416000 ---p 00000000 00:00 0 
7fbbbd416000-7fbbbd519000 rw-p 00000000 00:00 0 
7fbbbd519000-7fbbbd51a000 r--s 00000000 08:01 19543432                   /home/wanghl/.m2/repository/org/springframework/boot/spring-boot-starter-web/1.5.9.RELEASE/spring-boot-starter-web-1.5.9.RELEASE.jar
7fbbbd51a000-7fbbbd51b000 r--s 00000000 08:01 19543399                   /home/wanghl/.m2/repository/org/springframework/boot/spring-boot-starter-logging/1.5.9.RELEASE/spring-boot-starter-logging-1.5.9.RELEASE.jar
7fbbbd51b000-7fbbbd52b000 r--s 00095000 08:01 19543426                   /home/wanghl/.m2/repository/org/springframework/boot/spring-boot/1.5.9.RELEASE/spring-boot-1.5.9.RELEASE.jar
7fbbbd52b000-7fbbbd52c000 r--s 00000000 08:01 19543411                   /home/wanghl/.m2/repository/org/springframework/boot/spring-boot-starter/1.5.9.RELEASE/spring-boot-starter-1.5.9.RELEASE.jar
7fbbbd52c000-7fbbbd52d000 r--s 00000000 08:01 20972943                   /home/wanghl/.m2/repository/org/springframework/boot/spring-boot-starter-thymeleaf/1.5.9.RELEASE/spring-boot-starter-thymeleaf-1.5.9.RELEASE.jar
7fbbbd52d000-7fbbbd537000 rw-p 00000000 00:00 0 
7fbbbd537000-7fbbbd53f000 rw-s 00000000 08:01 18225164                   /tmp/hsperfdata_wanghl/26443
7fbbbd53f000-7fbbbd540000 rw-p 00000000 00:00 0 
7fbbbd540000-7fbbbd541000 r--p 00000000 00:00 0 
7fbbbd541000-7fbbbd542000 r--p 00025000 08:01 51118334                   /lib/x86_64-linux-gnu/ld-2.23.so
7fbbbd542000-7fbbbd543000 rw-p 00026000 08:01 51118334                   /lib/x86_64-linux-gnu/ld-2.23.so
7fbbbd543000-7fbbbd544000 rw-p 00000000 00:00 0 
7ffdb2cfa000-7ffdb2d1e000 rw-p 00000000 00:00 0                          [stack]
7ffdb2dd5000-7ffdb2dd8000 r--p 00000000 00:00 0                          [vvar]
7ffdb2dd8000-7ffdb2dda000 r-xp 00000000 00:00 0                          [vdso]
ffffffffff600000-ffffffffff601000 r-xp 00000000 00:00 0                  [vsyscall]

VM Arguments:
jvm_args: -agentlib:jdwp=transport=dt_socket,suspend=y,address=localhost:39982 -Xmx512m -Dcom.sun.management.jmxremote -Dcom.sun.management.jmxremote.port=46303 -Dcom.sun.management.jmxremote.authenticate=false -Dcom.sun.management.jmxremote.ssl=false -Djava.rmi.server.hostname=localhost -Dspring.application.admin.enabled=true -Djava.security.egd=file:/dev/./urandom-noverify -XX:TieredStopAtLevel=1 -Dfile.encoding=UTF-8 
java_command: com.tjnetsec.wmo.activiti.ActivitiApplication
java_class_path (initial): /home/wanghl/git/activitidemo/activiti-demo6-springboot/target/classes:/home/wanghl/.m2/repository/org/springframework/boot/spring-boot-starter-thymeleaf/1.5.9.RELEASE/spring-boot-starter-thymeleaf-1.5.9.RELEASE.jar:/home/wanghl/.m2/repository/org/springframework/boot/spring-boot-starter/1.5.9.RELEASE/spring-boot-starter-1.5.9.RELEASE.jar:/home/wanghl/.m2/repository/org/springframework/boot/spring-boot/1.5.9.RELEASE/spring-boot-1.5.9.RELEASE.jar:/home/wanghl/.m2/repository/org/springframework/boot/spring-boot-autoconfigure/1.5.9.RELEASE/spring-boot-autoconfigure-1.5.9.RELEASE.jar:/home/wanghl/.m2/repository/org/springframework/boot/spring-boot-starter-logging/1.5.9.RELEASE/spring-boot-starter-logging-1.5.9.RELEASE.jar:/home/wanghl/.m2/repository/ch/qos/logback/logback-classic/1.1.11/logback-classic-1.1.11.jar:/home/wanghl/.m2/repository/ch/qos/logback/logback-core/1.1.11/logback-core-1.1.11.jar:/home/wanghl/.m2/repository/org/slf4j/jul-to-slf4j/1.7.25/jul-to-slf4j-1.7.25.jar:/home/wanghl/.m2/repository/org/slf4j/log4j-over-slf4j/1.7.25/log4j-over-slf4j-1.7.25.jar:/home/wanghl/.m2/repository/org/yaml/snakeyaml/1.17/snakeyaml-1.17.jar:/home/wanghl/.m2/repository/org/springframework/boot/spring-boot-starter-web/1.5.9.RELEASE/spring-boot-starter-web-1.5.9.RELEASE.jar:/home/wanghl/.m2/repository/org/springframework/boot/spring-boot-starter-tomcat/1.5.9.RELEASE/spring-boot-starter-tomcat-1.5.9.RELEASE.jar:/home/wanghl/.m2/repository/org/apache/tomcat/embed/tomcat-embed-core/8.5.23/tomcat-embed-core-8.5.23.jar:/home/wanghl/.m2/repository/org/apache/tomcat/tomcat-annotations-api/8.5.23/tomcat-annotations-api-8.5.23.jar:/home/wanghl/.m2/repository/org/apache/tomcat/embed/tomcat-embed-el/8.5.23/tomcat-embed-el-8.5.23.jar:/home/wanghl/.m2/repository/org/apache/tomcat/embed/tomcat-embed-websocket/8.5.23/tomcat-embed-websocket-8.5.23.jar:/home/wanghl/.m2/repository/org/hibernate/hibernate-validator/5.3.6.Final/hibernate-validator-5.3.6.Final.jar:/hom
Launcher Type: SUN_STANDARD

Environment Variables:
JAVA_HOME=/usr/java/jdk_8u101
CLASSPATH=.:/usr/java/jdk_8u101/lib:/usr/java/jdk_8u101/jre/lib
PATH=/usr/local/mongodb/bin:/home/wanghl/Program/gradle-3.3/bin:/usr/local/mongodb/bin:/home/wanghl/Program/gradle-3.3/bin:/usr/local/sbin:/usr/local/bin:/usr/sbin:/usr/bin:/sbin:/bin:/usr/games:/usr/local/games:$JAVA_HOME/bin:/snap/bin:/usr/java/jdk_8u101/bin:/home/wanghl/Program/maven-3.3.9/bin:/opt/apache-ant-1.10.0/bin;:/usr/java/jdk_8u101/bin:/home/wanghl/Program/maven-3.3.9/bin:/home/wanghl/Program/gradle-3.3/bin:/usr/java/jdk_8u101/bin:/home/wanghl/Program/maven-3.3.9/bin:/opt/apache-ant-1.10.0/bin;
SHELL=/bin/bash
DISPLAY=:0

Signal Handlers:
SIGSEGV: [libjvm.so+0xac4790], sa_mask[0]=11111111011111111101111111111110, sa_flags=SA_RESTART|SA_SIGINFO
SIGBUS: [libjvm.so+0xac4790], sa_mask[0]=11111111011111111101111111111110, sa_flags=SA_RESTART|SA_SIGINFO
SIGFPE: [libjvm.so+0x91f140], sa_mask[0]=11111111011111111101111111111110, sa_flags=SA_RESTART|SA_SIGINFO
SIGPIPE: [libjvm.so+0x91f140], sa_mask[0]=11111111011111111101111111111110, sa_flags=SA_RESTART|SA_SIGINFO
SIGXFSZ: [libjvm.so+0x91f140], sa_mask[0]=11111111011111111101111111111110, sa_flags=SA_RESTART|SA_SIGINFO
SIGILL: [libjvm.so+0x91f140], sa_mask[0]=11111111011111111101111111111110, sa_flags=SA_RESTART|SA_SIGINFO
SIGUSR1: SIG_DFL, sa_mask[0]=00000000000000000000000000000000, sa_flags=none
SIGUSR2: [libjvm.so+0x920770], sa_mask[0]=00100000000000000000000000000000, sa_flags=SA_RESTART|SA_SIGINFO
SIGHUP: [libjvm.so+0x921b70], sa_mask[0]=11111111011111111101111111111110, sa_flags=SA_RESTART|SA_SIGINFO
SIGINT: [libjvm.so+0x921b70], sa_mask[0]=11111111011111111101111111111110, sa_flags=SA_RESTART|SA_SIGINFO
SIGTERM: [libjvm.so+0x921b70], sa_mask[0]=11111111011111111101111111111110, sa_flags=SA_RESTART|SA_SIGINFO
SIGQUIT: [libjvm.so+0x921b70], sa_mask[0]=11111111011111111101111111111110, sa_flags=SA_RESTART|SA_SIGINFO


---------------  S Y S T E M  ---------------

OS:DISTRIB_ID=Ubuntu
DISTRIB_RELEASE=16.04
DISTRIB_CODENAME=xenial
DISTRIB_DESCRIPTION="Ubuntu 16.04.3 LTS"

uname:Linux 4.4.0-124-generic #148-Ubuntu SMP Wed May 2 13:00:18 UTC 2018 x86_64
libc:glibc 2.23 NPTL 2.23 
rlimit: STACK 8192k, CORE 0k, NPROC 63627, NOFILE 1048576, AS infinity
load average:0.68 0.35 0.15

/proc/meminfo:
MemTotal:       16330900 kB
MemFree:         2482244 kB
MemAvailable:    8874380 kB
Buffers:         1490024 kB
Cached:          4526016 kB
SwapCached:            0 kB
Active:         11176284 kB
Inactive:        1498356 kB
Active(anon):    6676288 kB
Inactive(anon):    63688 kB
Active(file):    4499996 kB
Inactive(file):  1434668 kB
Unevictable:          80 kB
Mlocked:              80 kB
SwapTotal:       8306684 kB
SwapFree:        8306684 kB
Dirty:               184 kB
Writeback:             0 kB
AnonPages:       6658748 kB
Mapped:           681988 kB
Shmem:             81368 kB
Slab:             866868 kB
SReclaimable:     797620 kB
SUnreclaim:        69248 kB
KernelStack:       16784 kB
PageTables:        76328 kB
NFS_Unstable:          0 kB
Bounce:                0 kB
WritebackTmp:          0 kB
CommitLimit:    16472132 kB
Committed_AS:   19833020 kB
VmallocTotal:   34359738367 kB
VmallocUsed:           0 kB
VmallocChunk:          0 kB
HardwareCorrupted:     0 kB
AnonHugePages:         0 kB
CmaTotal:              0 kB
CmaFree:               0 kB
HugePages_Total:       0
HugePages_Free:        0
HugePages_Rsvd:        0
HugePages_Surp:        0
Hugepagesize:       2048 kB
DirectMap4k:      427340 kB
DirectMap2M:    13103104 kB
DirectMap1G:     4194304 kB


CPU:total 8 (4 cores per cpu, 2 threads per core) family 6 model 94 stepping 3, cmov, cx8, fxsr, mmx, sse, sse2, sse3, ssse3, sse4.1, sse4.2, popcnt, avx, avx2, aes, clmul, erms, rtm, 3dnowpref, lzcnt, ht, tsc, tscinvbit, bmi1, bmi2, adx

/proc/cpuinfo:
processor	: 0
vendor_id	: GenuineIntel
cpu family	: 6
model		: 94
model name	: Intel(R) Core(TM) i7-6700 CPU @ 3.40GHz
stepping	: 3
microcode	: 0xba
cpu MHz		: 3620.867
cache size	: 8192 KB
physical id	: 0
siblings	: 8
core id		: 0
cpu cores	: 4
apicid		: 0
initial apicid	: 0
fpu		: yes
fpu_exception	: yes
cpuid level	: 22
wp		: yes
flags		: fpu vme de pse tsc msr pae mce cx8 apic sep mtrr pge mca cmov pat pse36 clflush dts acpi mmx fxsr sse sse2 ss ht tm pbe syscall nx pdpe1gb rdtscp lm constant_tsc art arch_perfmon pebs bts rep_good nopl xtopology nonstop_tsc aperfmperf eagerfpu pni pclmulqdq dtes64 monitor ds_cpl vmx smx est tm2 ssse3 sdbg fma cx16 xtpr pdcm pcid sse4_1 sse4_2 x2apic movbe popcnt tsc_deadline_timer aes xsave avx f16c rdrand lahf_lm abm 3dnowprefetch epb invpcid_single intel_pt rsb_ctxsw retpoline kaiser tpr_shadow vnmi flexpriority ept vpid fsgsbase tsc_adjust bmi1 hle avx2 smep bmi2 erms invpcid rtm mpx rdseed adx smap clflushopt xsaveopt xsavec xgetbv1 dtherm ida arat pln pts hwp hwp_notify hwp_act_window hwp_epp
bugs		: cpu_meltdown spectre_v1 spectre_v2
bogomips	: 6816.61
clflush size	: 64
cache_alignment	: 64
address sizes	: 39 bits physical, 48 bits virtual
power management:

processor	: 1
vendor_id	: GenuineIntel
cpu family	: 6
model		: 94
model name	: Intel(R) Core(TM) i7-6700 CPU @ 3.40GHz
stepping	: 3
microcode	: 0xba
cpu MHz		: 3617.414
cache size	: 8192 KB
physical id	: 0
siblings	: 8
core id		: 1
cpu cores	: 4
apicid		: 2
initial apicid	: 2
fpu		: yes
fpu_exception	: yes
cpuid level	: 22
wp		: yes
flags		: fpu vme de pse tsc msr pae mce cx8 apic sep mtrr pge mca cmov pat pse36 clflush dts acpi mmx fxsr sse sse2 ss ht tm pbe syscall nx pdpe1gb rdtscp lm constant_tsc art arch_perfmon pebs bts rep_good nopl xtopology nonstop_tsc aperfmperf eagerfpu pni pclmulqdq dtes64 monitor ds_cpl vmx smx est tm2 ssse3 sdbg fma cx16 xtpr pdcm pcid sse4_1 sse4_2 x2apic movbe popcnt tsc_deadline_timer aes xsave avx f16c rdrand lahf_lm abm 3dnowprefetch epb invpcid_single intel_pt rsb_ctxsw retpoline kaiser tpr_shadow vnmi flexpriority ept vpid fsgsbase tsc_adjust bmi1 hle avx2 smep bmi2 erms invpcid rtm mpx rdseed adx smap clflushopt xsaveopt xsavec xgetbv1 dtherm ida arat pln pts hwp hwp_notify hwp_act_window hwp_epp
bugs		: cpu_meltdown spectre_v1 spectre_v2
bogomips	: 6816.61
clflush size	: 64
cache_alignment	: 64
address sizes	: 39 bits physical, 48 bits virtual
power management:

processor	: 2
vendor_id	: GenuineIntel
cpu family	: 6
model		: 94
model name	: Intel(R) Core(TM) i7-6700 CPU @ 3.40GHz
stepping	: 3
microcode	: 0xba
cpu MHz		: 3664.828
cache size	: 8192 KB
physical id	: 0
siblings	: 8
core id		: 2
cpu cores	: 4
apicid		: 4
initial apicid	: 4
fpu		: yes
fpu_exception	: yes
cpuid level	: 22
wp		: yes
flags		: fpu vme de pse tsc msr pae mce cx8 apic sep mtrr pge mca cmov pat pse36 clflush dts acpi mmx fxsr sse sse2 ss ht tm pbe syscall nx pdpe1gb rdtscp lm constant_tsc art arch_perfmon pebs bts rep_good nopl xtopology nonstop_tsc aperfmperf eagerfpu pni pclmulqdq dtes64 monitor ds_cpl vmx smx est tm2 ssse3 sdbg fma cx16 xtpr pdcm pcid sse4_1 sse4_2 x2apic movbe popcnt tsc_deadline_timer aes xsave avx f16c rdrand lahf_lm abm 3dnowprefetch epb invpcid_single intel_pt rsb_ctxsw retpoline kaiser tpr_shadow vnmi flexpriority ept vpid fsgsbase tsc_adjust bmi1 hle avx2 smep bmi2 erms invpcid rtm mpx rdseed adx smap clflushopt xsaveopt xsavec xgetbv1 dtherm ida arat pln pts hwp hwp_notify hwp_act_window hwp_epp
bugs		: cpu_meltdown spectre_v1 spectre_v2
bogomips	: 6816.61
clflush size	: 64
cache_alignment	: 64
address sizes	: 39 bits physical, 48 bits virtual
power management:

processor	: 3
vendor_id	: GenuineIntel
cpu family	: 6
model		: 94
model name	: Intel(R) Core(TM) i7-6700 CPU @ 3.40GHz
stepping	: 3
microcode	: 0xba
cpu MHz		: 3620.203
cache size	: 8192 KB
physical id	: 0
siblings	: 8
core id		: 3
cpu cores	: 4
apicid		: 6
initial apicid	: 6
fpu		: yes
fpu_exception	: yes
cpuid level	: 22
wp		: yes
flags		: fpu vme de pse tsc msr pae mce cx8 apic sep mtrr pge mca cmov pat pse36 clflush dts acpi mmx fxsr sse sse2 ss ht tm pbe syscall nx pdpe1gb rdtscp lm constant_tsc art arch_perfmon pebs bts rep_good nopl xtopology nonstop_tsc aperfmperf eagerfpu pni pclmulqdq dtes64 monitor ds_cpl vmx smx est tm2 ssse3 sdbg fma cx16 xtpr pdcm pcid sse4_1 sse4_2 x2apic movbe popcnt tsc_deadline_timer aes xsave avx f16c rdrand lahf_lm abm 3dnowprefetch epb invpcid_single intel_pt rsb_ctxsw retpoline kaiser tpr_shadow vnmi flexpriority ept vpid fsgsbase tsc_adjust bmi1 hle avx2 smep bmi2 erms invpcid rtm mpx rdseed adx smap clflushopt xsaveopt xsavec xgetbv1 dtherm ida arat pln pts hwp hwp_notify hwp_act_window hwp_epp
bugs		: cpu_meltdown spectre_v1 spectre_v2
bogomips	: 6816.61
clflush size	: 64
cache_alignment	: 64
address sizes	: 39 bits physical, 48 bits virtual
power management:

processor	: 4
vendor_id	: GenuineIntel
cpu family	: 6
model		: 94
model name	: Intel(R) Core(TM) i7-6700 CPU @ 3.40GHz
stepping	: 3
microcode	: 0xba
cpu MHz		: 3678.773
cache size	: 8192 KB
physical id	: 0
siblings	: 8
core id		: 0
cpu cores	: 4
apicid		: 1
initial apicid	: 1
fpu		: yes
fpu_exception	: yes
cpuid level	: 22
wp		: yes
flags		: fpu vme de pse tsc msr pae mce cx8 apic sep mtrr pge mca cmov pat pse36 clflush dts acpi mmx fxsr sse sse2 ss ht tm pbe syscall nx pdpe1gb rdtscp lm constant_tsc art arch_perfmon pebs bts rep_good nopl xtopology nonstop_tsc aperfmperf eagerfpu pni pclmulqdq dtes64 monitor ds_cpl vmx smx est tm2 ssse3 sdbg fma cx16 xtpr pdcm pcid sse4_1 sse4_2 x2apic movbe popcnt tsc_deadline_timer aes xsave avx f16c rdrand lahf_lm abm 3dnowprefetch epb invpcid_single intel_pt rsb_ctxsw retpoline kaiser tpr_shadow vnmi flexpriority ept vpid fsgsbase tsc_adjust bmi1 hle avx2 smep bmi2 erms invpcid rtm mpx rdseed adx smap clflushopt xsaveopt xsavec xgetbv1 dtherm ida arat pln pts hwp hwp_notify hwp_act_window hwp_epp
bugs		: cpu_meltdown spectre_v1 spectre_v2
bogomips	: 6816.61
clflush size	: 64
cache_alignment	: 64
address sizes	: 39 bits physical, 48 bits virtual
power management:

processor	: 5
vendor_id	: GenuineIntel
cpu family	: 6
model		: 94
model name	: Intel(R) Core(TM) i7-6700 CPU @ 3.40GHz
stepping	: 3
microcode	: 0xba
cpu MHz		: 3523.117
cache size	: 8192 KB
physical id	: 0
siblings	: 8
core id		: 1
cpu cores	: 4
apicid		: 3
initial apicid	: 3
fpu		: yes
fpu_exception	: yes
cpuid level	: 22
wp		: yes
flags		: fpu vme de pse tsc msr pae mce cx8 apic sep mtrr pge mca cmov pat pse36 clflush dts acpi mmx fxsr sse sse2 ss ht tm pbe syscall nx pdpe1gb rdtscp lm constant_tsc art arch_perfmon pebs bts rep_good nopl xtopology nonstop_tsc aperfmperf eagerfpu pni pclmulqdq dtes64 monitor ds_cpl vmx smx est tm2 ssse3 sdbg fma cx16 xtpr pdcm pcid sse4_1 sse4_2 x2apic movbe popcnt tsc_deadline_timer aes xsave avx f16c rdrand lahf_lm abm 3dnowprefetch epb invpcid_single intel_pt rsb_ctxsw retpoline kaiser tpr_shadow vnmi flexpriority ept vpid fsgsbase tsc_adjust bmi1 hle avx2 smep bmi2 erms invpcid rtm mpx rdseed adx smap clflushopt xsaveopt xsavec xgetbv1 dtherm ida arat pln pts hwp hwp_notify hwp_act_window hwp_epp
bugs		: cpu_meltdown spectre_v1 spectre_v2
bogomips	: 6816.61
clflush size	: 64
cache_alignment	: 64
address sizes	: 39 bits physical, 48 bits virtual
power management:

processor	: 6
vendor_id	: GenuineIntel
cpu family	: 6
model		: 94
model name	: Intel(R) Core(TM) i7-6700 CPU @ 3.40GHz
stepping	: 3
microcode	: 0xba
cpu MHz		: 3617.015
cache size	: 8192 KB
physical id	: 0
siblings	: 8
core id		: 2
cpu cores	: 4
apicid		: 5
initial apicid	: 5
fpu		: yes
fpu_exception	: yes
cpuid level	: 22
wp		: yes
flags		: fpu vme de pse tsc msr pae mce cx8 apic sep mtrr pge mca cmov pat pse36 clflush dts acpi mmx fxsr sse sse2 ss ht tm pbe syscall nx pdpe1gb rdtscp lm constant_tsc art arch_perfmon pebs bts rep_good nopl xtopology nonstop_tsc aperfmperf eagerfpu pni pclmulqdq dtes64 monitor ds_cpl vmx smx est tm2 ssse3 sdbg fma cx16 xtpr pdcm pcid sse4_1 sse4_2 x2apic movbe popcnt tsc_deadline_timer aes xsave avx f16c rdrand lahf_lm abm 3dnowprefetch epb invpcid_single intel_pt rsb_ctxsw retpoline kaiser tpr_shadow vnmi flexpriority ept vpid fsgsbase tsc_adjust bmi1 hle avx2 smep bmi2 erms invpcid rtm mpx rdseed adx smap clflushopt xsaveopt xsavec xgetbv1 dtherm ida arat pln pts hwp hwp_notify hwp_act_window hwp_epp
bugs		: cpu_meltdown spectre_v1 spectre_v2
bogomips	: 6816.61
clflush size	: 64
cache_alignment	: 64
address sizes	: 39 bits physical, 48 bits virtual
power management:

processor	: 7
vendor_id	: GenuineIntel
cpu family	: 6
model		: 94
model name	: Intel(R) Core(TM) i7-6700 CPU @ 3.40GHz
stepping	: 3
microcode	: 0xba
cpu MHz		: 3386.585
cache size	: 8192 KB
physical id	: 0
siblings	: 8
core id		: 3
cpu cores	: 4
apicid		: 7
initial apicid	: 7
fpu		: yes
fpu_exception	: yes
cpuid level	: 22
wp		: yes
flags		: fpu vme de pse tsc msr pae mce cx8 apic sep mtrr pge mca cmov pat pse36 clflush dts acpi mmx fxsr sse sse2 ss ht tm pbe syscall nx pdpe1gb rdtscp lm constant_tsc art arch_perfmon pebs bts rep_good nopl xtopology nonstop_tsc aperfmperf eagerfpu pni pclmulqdq dtes64 monitor ds_cpl vmx smx est tm2 ssse3 sdbg fma cx16 xtpr pdcm pcid sse4_1 sse4_2 x2apic movbe popcnt tsc_deadline_timer aes xsave avx f16c rdrand lahf_lm abm 3dnowprefetch epb invpcid_single intel_pt rsb_ctxsw retpoline kaiser tpr_shadow vnmi flexpriority ept vpid fsgsbase tsc_adjust bmi1 hle avx2 smep bmi2 erms invpcid rtm mpx rdseed adx smap clflushopt xsaveopt xsavec xgetbv1 dtherm ida arat pln pts hwp hwp_notify hwp_act_window hwp_epp
bugs		: cpu_meltdown spectre_v1 spectre_v2
bogomips	: 6816.61
clflush size	: 64
cache_alignment	: 64
address sizes	: 39 bits physical, 48 bits virtual
power management:



Memory: 4k page, physical 16330900k(2482244k free), swap 8306684k(8306684k free)

vm_info: Java HotSpot(TM) 64-Bit Server VM (25.101-b13) for linux-amd64 JRE (1.8.0_101-b13), built on Jun 22 2016 02:59:44 by "java_re" with gcc 4.3.0 20080428 (Red Hat 4.3.0-8)

time: Wed May 22 14:01:16 2019
elapsed time: 7688 seconds (0d 2h 8m 8s)

